---------------------------------------------------------------
[ 2018-02-01T11:09:10+08:00 ] 127.0.0.1 127.0.0.1 GET /tph2/
[ info ] tp5.me/tph2/ [运行时间：0.026454s][吞吐率：37.80req/s] [内存消耗：1,193.74kb] [文件加载：43]
[ info ] [ LANG ] D:\WWW\tp5\thinkphp\lang\zh-cn.php
[ info ] [ BIND ] 'tph2'
[ info ] [ ROUTE ] array (
  'type' => 'module',
  'module' => 
  array (
    0 => 'tph2',
    1 => NULL,
    2 => NULL,
  ),
)
[ info ] [ HEADER ] array (
  'cookie' => 'pgv_pvi=219482112; pgv_si=s5073842176; thinkphp_show_page_trace=0|0',
  'accept-language' => 'zh-CN,zh;q=0.8',
  'accept-encoding' => 'gzip, deflate, sdch',
  'accept' => 'text/html,application/xhtml+xml,application/xml;q=0.9,image/webp,*/*;q=0.8',
  'user-agent' => 'Mozilla/5.0 (Windows NT 10.0; WOW64) AppleWebKit/537.36 (KHTML, like Gecko) Chrome/53.0.2785.104 Safari/537.36 Core/1.53.2372.400 QQBrowser/9.5.11096.400',
  'upgrade-insecure-requests' => '1',
  'connection' => 'close',
  'host' => 'tp5.me',
)
[ info ] [ PARAM ] array (
)
[ info ] [ RUN ] app\tph2\Controller\Index->index[ D:\WWW\tp5\public\tph2\application\tph2\controller\Index.php ]
[ info ] [ VIEW ] template/\help.html [ array (
  0 => 'pk',
  1 => 'trueTable',
) ]
[ info ] [ LOG ] INIT File
---------------------------------------------------------------
[ 2018-02-01T11:09:10+08:00 ] 127.0.0.1 127.0.0.1 POST /tph2/Index/checkVersion.html
[ info ] tp5.me/tph2/Index/checkVersion.html [运行时间：0.565761s][吞吐率：1.77req/s] [内存消耗：1,095.52kb] [文件加载：38]
[ info ] [ LANG ] D:\WWW\tp5\thinkphp\lang\zh-cn.php
[ info ] [ BIND ] 'tph2'
[ info ] [ ROUTE ] array (
  'type' => 'module',
  'module' => 
  array (
    0 => 'tph2',
    1 => 'Index',
    2 => 'checkVersion',
  ),
)
[ info ] [ HEADER ] array (
  'cookie' => 'thinkphp_show_page_trace=0|0; pgv_pvi=219482112; pgv_si=s5073842176; thinkphp_show_page_trace=0|0',
  'accept-language' => 'zh-CN,zh;q=0.8',
  'accept-encoding' => 'gzip, deflate',
  'referer' => 'http://tp5.me/tph2/',
  'user-agent' => 'Mozilla/5.0 (Windows NT 10.0; WOW64) AppleWebKit/537.36 (KHTML, like Gecko) Chrome/53.0.2785.104 Safari/537.36 Core/1.53.2372.400 QQBrowser/9.5.11096.400',
  'x-requested-with' => 'XMLHttpRequest',
  'origin' => 'http://tp5.me',
  'accept' => '*/*',
  'content-length' => '0',
  'connection' => 'close',
  'host' => 'tp5.me',
)
[ info ] [ PARAM ] array (
)
[ info ] [ RUN ] app\tph2\Controller\Index->checkVersion[ D:\WWW\tp5\public\tph2\application\tph2\controller\Index.php ]
[ info ] [ LOG ] INIT File
---------------------------------------------------------------
[ 2018-02-01T11:09:11+08:00 ] 127.0.0.1 127.0.0.1 GET /tph2/ProjectConfig/index
[ info ] tp5.me/tph2/ProjectConfig/index [运行时间：0.034855s][吞吐率：28.69req/s] [内存消耗：1,755.40kb] [文件加载：48]
[ info ] [ LANG ] D:\WWW\tp5\thinkphp\lang\zh-cn.php
[ info ] [ BIND ] 'tph2'
[ info ] [ ROUTE ] array (
  'type' => 'module',
  'module' => 
  array (
    0 => 'tph2',
    1 => 'ProjectConfig',
    2 => 'index',
  ),
)
[ info ] [ HEADER ] array (
  'cookie' => 'thinkphp_show_page_trace=0|0; pgv_pvi=219482112; pgv_si=s5073842176; thinkphp_show_page_trace=0|0',
  'accept-language' => 'zh-CN,zh;q=0.8',
  'accept-encoding' => 'gzip, deflate, sdch',
  'referer' => 'http://tp5.me/tph2/',
  'accept' => 'text/html,application/xhtml+xml,application/xml;q=0.9,image/webp,*/*;q=0.8',
  'user-agent' => 'Mozilla/5.0 (Windows NT 10.0; WOW64) AppleWebKit/537.36 (KHTML, like Gecko) Chrome/53.0.2785.104 Safari/537.36 Core/1.53.2372.400 QQBrowser/9.5.11096.400',
  'upgrade-insecure-requests' => '1',
  'connection' => 'close',
  'host' => 'tp5.me',
)
[ info ] [ PARAM ] array (
)
[ info ] [ RUN ] app\tph2\Controller\ProjectConfig->index[ D:\WWW\tp5\public\tph2\application\tph2\controller\ProjectConfig.php ]
[ info ] [ DB ] INIT sqlite
[ info ] [ VIEW ] template/ProjectConfig\index.html [ array (
  0 => 'pk',
  1 => 'trueTable',
  2 => 'configList',
) ]
[ info ] [ LOG ] INIT File
[ sql ] [ DB ] CONNECT:[ UseTime:0.007244s ] sqlite:./db/tph.db
[ sql ] [ SQL ] PRAGMA table_info( config ) [ RunTime:0.001387s ]
[ sql ] [ SQL ] SELECT * FROM config [ RunTime:0.000423s ]
---------------------------------------------------------------
[ 2018-02-01T11:09:12+08:00 ] 127.0.0.1 127.0.0.1 POST /tph2/Index/checkVersion.html
[ info ] tp5.me/tph2/Index/checkVersion.html [运行时间：0.378288s][吞吐率：2.64req/s] [内存消耗：1,095.58kb] [文件加载：38]
[ info ] [ LANG ] D:\WWW\tp5\thinkphp\lang\zh-cn.php
[ info ] [ BIND ] 'tph2'
[ info ] [ ROUTE ] array (
  'type' => 'module',
  'module' => 
  array (
    0 => 'tph2',
    1 => 'Index',
    2 => 'checkVersion',
  ),
)
[ info ] [ HEADER ] array (
  'cookie' => 'thinkphp_show_page_trace=0|0; pgv_pvi=219482112; pgv_si=s5073842176; thinkphp_show_page_trace=0|0',
  'accept-language' => 'zh-CN,zh;q=0.8',
  'accept-encoding' => 'gzip, deflate',
  'referer' => 'http://tp5.me/tph2/ProjectConfig/index',
  'user-agent' => 'Mozilla/5.0 (Windows NT 10.0; WOW64) AppleWebKit/537.36 (KHTML, like Gecko) Chrome/53.0.2785.104 Safari/537.36 Core/1.53.2372.400 QQBrowser/9.5.11096.400',
  'x-requested-with' => 'XMLHttpRequest',
  'origin' => 'http://tp5.me',
  'accept' => '*/*',
  'content-length' => '0',
  'connection' => 'close',
  'host' => 'tp5.me',
)
[ info ] [ PARAM ] array (
)
[ info ] [ RUN ] app\tph2\Controller\Index->checkVersion[ D:\WWW\tp5\public\tph2\application\tph2\controller\Index.php ]
[ info ] [ LOG ] INIT File
---------------------------------------------------------------
[ 2018-02-01T11:09:13+08:00 ] 127.0.0.1 127.0.0.1 GET /tph2/ProjectConfig/formConfig
[ info ] tp5.me/tph2/ProjectConfig/formConfig [运行时间：0.095388s][吞吐率：10.48req/s] [内存消耗：1,778.55kb] [文件加载：48]
[ info ] [ LANG ] D:\WWW\tp5\thinkphp\lang\zh-cn.php
[ info ] [ BIND ] 'tph2'
[ info ] [ ROUTE ] array (
  'type' => 'module',
  'module' => 
  array (
    0 => 'tph2',
    1 => 'ProjectConfig',
    2 => 'formConfig',
  ),
)
[ info ] [ HEADER ] array (
  'cookie' => 'thinkphp_show_page_trace=0|0; thinkphp_show_page_trace=0|0; pgv_pvi=219482112; pgv_si=s5073842176; thinkphp_show_page_trace=0|0',
  'accept-language' => 'zh-CN,zh;q=0.8',
  'accept-encoding' => 'gzip, deflate, sdch',
  'referer' => 'http://tp5.me/tph2/ProjectConfig/index',
  'accept' => 'text/html,application/xhtml+xml,application/xml;q=0.9,image/webp,*/*;q=0.8',
  'user-agent' => 'Mozilla/5.0 (Windows NT 10.0; WOW64) AppleWebKit/537.36 (KHTML, like Gecko) Chrome/53.0.2785.104 Safari/537.36 Core/1.53.2372.400 QQBrowser/9.5.11096.400',
  'upgrade-insecure-requests' => '1',
  'connection' => 'close',
  'host' => 'tp5.me',
)
[ info ] [ PARAM ] array (
)
[ info ] [ RUN ] app\tph2\Controller\ProjectConfig->formConfig[ D:\WWW\tp5\public\tph2\application\tph2\controller\ProjectConfig.php ]
[ info ] [ DB ] INIT mysql
[ info ] [ VIEW ] template/ProjectConfig\formConfig.html [ array (
  0 => 'pk',
  1 => 'trueTable',
  2 => 'tableList',
) ]
[ info ] [ LOG ] INIT File
[ sql ] [ DB ] CONNECT:[ UseTime:0.016091s ] mysql:host=127.0.0.1;port=3306;dbname=faithjob;charset=utf8
[ sql ] [ SQL ] select table_name from information_schema.tables where table_schema='faithjob' and table_type='base table' [ RunTime:0.057906s ]
---------------------------------------------------------------
[ 2018-02-01T11:09:13+08:00 ] 127.0.0.1 127.0.0.1 POST /tph2/Index/checkVersion.html
[ info ] tp5.me/tph2/Index/checkVersion.html [运行时间：0.599919s][吞吐率：1.67req/s] [内存消耗：1,095.51kb] [文件加载：38]
[ info ] [ LANG ] D:\WWW\tp5\thinkphp\lang\zh-cn.php
[ info ] [ BIND ] 'tph2'
[ info ] [ ROUTE ] array (
  'type' => 'module',
  'module' => 
  array (
    0 => 'tph2',
    1 => 'Index',
    2 => 'checkVersion',
  ),
)
[ info ] [ HEADER ] array (
  'cookie' => 'thinkphp_show_page_trace=0|0; pgv_pvi=219482112; pgv_si=s5073842176; thinkphp_show_page_trace=0|0',
  'accept-language' => 'zh-CN,zh;q=0.8',
  'accept-encoding' => 'gzip, deflate',
  'referer' => 'http://tp5.me/tph2/ProjectConfig/formConfig',
  'user-agent' => 'Mozilla/5.0 (Windows NT 10.0; WOW64) AppleWebKit/537.36 (KHTML, like Gecko) Chrome/53.0.2785.104 Safari/537.36 Core/1.53.2372.400 QQBrowser/9.5.11096.400',
  'x-requested-with' => 'XMLHttpRequest',
  'origin' => 'http://tp5.me',
  'accept' => '*/*',
  'content-length' => '0',
  'connection' => 'close',
  'host' => 'tp5.me',
)
[ info ] [ PARAM ] array (
)
[ info ] [ RUN ] app\tph2\Controller\Index->checkVersion[ D:\WWW\tp5\public\tph2\application\tph2\controller\Index.php ]
[ info ] [ LOG ] INIT File
---------------------------------------------------------------
[ 2018-02-01T11:09:18+08:00 ] 127.0.0.1 127.0.0.1 POST /tph2/ProjectConfig/getTableInfo.html
[ info ] tp5.me/tph2/ProjectConfig/getTableInfo.html [运行时间：0.027940s][吞吐率：35.79req/s] [内存消耗：1,749.03kb] [文件加载：48]
[ info ] [ LANG ] D:\WWW\tp5\thinkphp\lang\zh-cn.php
[ info ] [ BIND ] 'tph2'
[ info ] [ ROUTE ] array (
  'type' => 'module',
  'module' => 
  array (
    0 => 'tph2',
    1 => 'ProjectConfig',
    2 => 'getTableInfo',
  ),
)
[ info ] [ HEADER ] array (
  'cookie' => 'thinkphp_show_page_trace=0|0; thinkphp_show_page_trace=0|0; pgv_pvi=219482112; pgv_si=s5073842176; thinkphp_show_page_trace=0|0',
  'accept-language' => 'zh-CN,zh;q=0.8',
  'accept-encoding' => 'gzip, deflate',
  'referer' => 'http://tp5.me/tph2/ProjectConfig/formConfig',
  'content-type' => 'application/x-www-form-urlencoded; charset=UTF-8',
  'user-agent' => 'Mozilla/5.0 (Windows NT 10.0; WOW64) AppleWebKit/537.36 (KHTML, like Gecko) Chrome/53.0.2785.104 Safari/537.36 Core/1.53.2372.400 QQBrowser/9.5.11096.400',
  'x-requested-with' => 'XMLHttpRequest',
  'origin' => 'http://tp5.me',
  'accept' => '*/*',
  'content-length' => '25',
  'connection' => 'close',
  'host' => 'tp5.me',
)
[ info ] [ PARAM ] array (
  'tableName' => 'tp_admin_access',
)
[ info ] [ RUN ] app\tph2\Controller\ProjectConfig->getTableInfo[ D:\WWW\tp5\public\tph2\application\tph2\controller\ProjectConfig.php ]
[ info ] [ DB ] INIT mysql
[ info ] [ DB ] INIT sqlite
[ info ] [ DB ] INIT sqlite
[ info ] [ VIEW ] template/ProjectConfig\formField.html [ array (
  0 => 'pk',
  1 => 'trueTable',
  2 => 'fieldName',
  3 => 'findex',
) ]
[ info ] [ VIEW ] template/ProjectConfig\formField.html [ array (
  0 => 'pk',
  1 => 'trueTable',
  2 => 'fieldName',
  3 => 'findex',
) ]
[ info ] [ VIEW ] template/ProjectConfig\formField.html [ array (
  0 => 'pk',
  1 => 'trueTable',
  2 => 'fieldName',
  3 => 'findex',
) ]
[ info ] [ VIEW ] template/ProjectConfig\formField.html [ array (
  0 => 'pk',
  1 => 'trueTable',
  2 => 'fieldName',
  3 => 'findex',
) ]
[ info ] [ LOG ] INIT File
[ sql ] [ DB ] CONNECT:[ UseTime:0.000726s ] mysql:host=127.0.0.1;port=3306;dbname=faithjob;charset=utf8
[ sql ] [ SQL ] select * from information_schema.columns where table_schema='faithjob' and table_name='tp_admin_access' [ RunTime:0.003378s ]
[ sql ] [ DB ] CONNECT:[ UseTime:0.000108s ] sqlite:./db/tph.db
[ sql ] [ SQL ] PRAGMA table_info( table_field ) [ RunTime:0.000188s ]
[ sql ] [ SQL ] SELECT * FROM table_field WHERE  field_name = 'role_id'  AND table_name = 'admin_access' LIMIT 1 [ RunTime:0.000250s ]
[ sql ] [ SQL ] SELECT * FROM table_field WHERE  field_name = 'node_id'  AND table_name = 'admin_access' LIMIT 1 [ RunTime:0.000134s ]
[ sql ] [ SQL ] SELECT * FROM table_field WHERE  field_name = 'level'  AND table_name = 'admin_access' LIMIT 1 [ RunTime:0.000085s ]
[ sql ] [ SQL ] SELECT * FROM table_field WHERE  field_name = 'pid'  AND table_name = 'admin_access' LIMIT 1 [ RunTime:0.000083s ]
---------------------------------------------------------------
[ 2018-02-01T11:09:29+08:00 ] 127.0.0.1 127.0.0.1 GET /tph2/CreateLayout
[ info ] tp5.me/tph2/CreateLayout [运行时间：0.039514s][吞吐率：25.31req/s] [内存消耗：1,795.15kb] [文件加载：49]
[ info ] [ LANG ] D:\WWW\tp5\thinkphp\lang\zh-cn.php
[ info ] [ BIND ] 'tph2'
[ info ] [ ROUTE ] array (
  'type' => 'module',
  'module' => 
  array (
    0 => 'tph2',
    1 => 'CreateLayout',
    2 => NULL,
  ),
)
[ info ] [ HEADER ] array (
  'cookie' => 'thinkphp_show_page_trace=0|0; pgv_pvi=219482112; pgv_si=s5073842176; thinkphp_show_page_trace=0|0',
  'accept-language' => 'zh-CN,zh;q=0.8',
  'accept-encoding' => 'gzip, deflate, sdch',
  'referer' => 'http://tp5.me/tph2/ProjectConfig/formConfig',
  'accept' => 'text/html,application/xhtml+xml,application/xml;q=0.9,image/webp,*/*;q=0.8',
  'user-agent' => 'Mozilla/5.0 (Windows NT 10.0; WOW64) AppleWebKit/537.36 (KHTML, like Gecko) Chrome/53.0.2785.104 Safari/537.36 Core/1.53.2372.400 QQBrowser/9.5.11096.400',
  'upgrade-insecure-requests' => '1',
  'connection' => 'close',
  'host' => 'tp5.me',
)
[ info ] [ PARAM ] array (
)
[ info ] [ RUN ] app\tph2\Controller\CreateLayout->index[ D:\WWW\tp5\public\tph2\application\tph2\controller\CreateLayout.php ]
[ info ] [ DB ] INIT mysql
[ info ] [ VIEW ] template/CreateLayout\index.html [ array (
  0 => 'pk',
  1 => 'trueTable',
  2 => 'db_prefix',
  3 => 'tableNameList',
  4 => 'moduleNameList',
  5 => 'layoutNameList',
) ]
[ info ] [ LOG ] INIT File
[ sql ] [ DB ] CONNECT:[ UseTime:0.010336s ] mysql:host=127.0.0.1;port=3306;dbname=faithjob;charset=utf8
[ sql ] [ SQL ] select table_name from information_schema.tables where table_schema='faithjob' and table_type='base table' [ RunTime:0.003029s ]
---------------------------------------------------------------
[ 2018-02-01T11:09:30+08:00 ] 127.0.0.1 127.0.0.1 POST /tph2/Index/checkVersion.html
[ info ] tp5.me/tph2/Index/checkVersion.html [运行时间：0.374303s][吞吐率：2.67req/s] [内存消耗：1,095.49kb] [文件加载：38]
[ info ] [ LANG ] D:\WWW\tp5\thinkphp\lang\zh-cn.php
[ info ] [ BIND ] 'tph2'
[ info ] [ ROUTE ] array (
  'type' => 'module',
  'module' => 
  array (
    0 => 'tph2',
    1 => 'Index',
    2 => 'checkVersion',
  ),
)
[ info ] [ HEADER ] array (
  'cookie' => 'thinkphp_show_page_trace=0|0; pgv_pvi=219482112; pgv_si=s5073842176; thinkphp_show_page_trace=0|0',
  'accept-language' => 'zh-CN,zh;q=0.8',
  'accept-encoding' => 'gzip, deflate',
  'referer' => 'http://tp5.me/tph2/CreateLayout',
  'user-agent' => 'Mozilla/5.0 (Windows NT 10.0; WOW64) AppleWebKit/537.36 (KHTML, like Gecko) Chrome/53.0.2785.104 Safari/537.36 Core/1.53.2372.400 QQBrowser/9.5.11096.400',
  'x-requested-with' => 'XMLHttpRequest',
  'origin' => 'http://tp5.me',
  'accept' => '*/*',
  'content-length' => '0',
  'connection' => 'close',
  'host' => 'tp5.me',
)
[ info ] [ PARAM ] array (
)
[ info ] [ RUN ] app\tph2\Controller\Index->checkVersion[ D:\WWW\tp5\public\tph2\application\tph2\controller\Index.php ]
[ info ] [ LOG ] INIT File
---------------------------------------------------------------
[ 2018-02-01T11:09:33+08:00 ] 127.0.0.1 127.0.0.1 GET /tph2/WedgitCode/menu
[ info ] tp5.me/tph2/WedgitCode/menu [运行时间：0.034007s][吞吐率：29.41req/s] [内存消耗：1,806.08kb] [文件加载：49]
[ info ] [ LANG ] D:\WWW\tp5\thinkphp\lang\zh-cn.php
[ info ] [ BIND ] 'tph2'
[ info ] [ ROUTE ] array (
  'type' => 'module',
  'module' => 
  array (
    0 => 'tph2',
    1 => 'WedgitCode',
    2 => 'menu',
  ),
)
[ info ] [ HEADER ] array (
  'cookie' => 'thinkphp_show_page_trace=0|0; pgv_pvi=219482112; pgv_si=s5073842176; thinkphp_show_page_trace=0|0',
  'accept-language' => 'zh-CN,zh;q=0.8',
  'accept-encoding' => 'gzip, deflate, sdch',
  'referer' => 'http://tp5.me/tph2/CreateLayout',
  'accept' => 'text/html,application/xhtml+xml,application/xml;q=0.9,image/webp,*/*;q=0.8',
  'user-agent' => 'Mozilla/5.0 (Windows NT 10.0; WOW64) AppleWebKit/537.36 (KHTML, like Gecko) Chrome/53.0.2785.104 Safari/537.36 Core/1.53.2372.400 QQBrowser/9.5.11096.400',
  'upgrade-insecure-requests' => '1',
  'connection' => 'close',
  'host' => 'tp5.me',
)
[ info ] [ PARAM ] array (
)
[ info ] [ RUN ] app\tph2\Controller\WedgitCode->menu[ D:\WWW\tp5\public\tph2\application\tph2\controller\WedgitCode.php ]
[ info ] [ DB ] INIT mysql
[ info ] [ VIEW ] template/WedgitCode\menu.html [ array (
  0 => 'pk',
  1 => 'trueTable',
  2 => 'db_prefix',
  3 => 'tableNameList',
  4 => 'moduleNameList',
  5 => 'layoutNameList',
  6 => 'menuList',
) ]
[ info ] [ LOG ] INIT File
[ sql ] [ DB ] CONNECT:[ UseTime:0.010687s ] mysql:host=127.0.0.1;port=3306;dbname=faithjob;charset=utf8
[ sql ] [ SQL ] select table_name from information_schema.tables where table_schema='faithjob' and table_type='base table' [ RunTime:0.001554s ]
---------------------------------------------------------------
[ 2018-02-01T11:09:33+08:00 ] 127.0.0.1 127.0.0.1 POST /tph2/Index/checkVersion.html
[ info ] tp5.me/tph2/Index/checkVersion.html [运行时间：0.330196s][吞吐率：3.03req/s] [内存消耗：1,095.59kb] [文件加载：38]
[ info ] [ LANG ] D:\WWW\tp5\thinkphp\lang\zh-cn.php
[ info ] [ BIND ] 'tph2'
[ info ] [ ROUTE ] array (
  'type' => 'module',
  'module' => 
  array (
    0 => 'tph2',
    1 => 'Index',
    2 => 'checkVersion',
  ),
)
[ info ] [ HEADER ] array (
  'cookie' => 'thinkphp_show_page_trace=0|0; pgv_pvi=219482112; pgv_si=s5073842176; thinkphp_show_page_trace=0|0',
  'accept-language' => 'zh-CN,zh;q=0.8',
  'accept-encoding' => 'gzip, deflate',
  'referer' => 'http://tp5.me/tph2/WedgitCode/menu',
  'user-agent' => 'Mozilla/5.0 (Windows NT 10.0; WOW64) AppleWebKit/537.36 (KHTML, like Gecko) Chrome/53.0.2785.104 Safari/537.36 Core/1.53.2372.400 QQBrowser/9.5.11096.400',
  'x-requested-with' => 'XMLHttpRequest',
  'origin' => 'http://tp5.me',
  'accept' => '*/*',
  'content-length' => '0',
  'connection' => 'close',
  'host' => 'tp5.me',
)
[ info ] [ PARAM ] array (
)
[ info ] [ RUN ] app\tph2\Controller\Index->checkVersion[ D:\WWW\tp5\public\tph2\application\tph2\controller\Index.php ]
[ info ] [ LOG ] INIT File
---------------------------------------------------------------
[ 2018-02-01T11:09:34+08:00 ] 127.0.0.1 127.0.0.1 GET /tph2/CreateLayout
[ info ] tp5.me/tph2/CreateLayout [运行时间：0.037430s][吞吐率：26.72req/s] [内存消耗：1,795.18kb] [文件加载：49]
[ info ] [ LANG ] D:\WWW\tp5\thinkphp\lang\zh-cn.php
[ info ] [ BIND ] 'tph2'
[ info ] [ ROUTE ] array (
  'type' => 'module',
  'module' => 
  array (
    0 => 'tph2',
    1 => 'CreateLayout',
    2 => NULL,
  ),
)
[ info ] [ HEADER ] array (
  'cookie' => 'thinkphp_show_page_trace=0|0; pgv_pvi=219482112; pgv_si=s5073842176; thinkphp_show_page_trace=0|0',
  'accept-language' => 'zh-CN,zh;q=0.8',
  'accept-encoding' => 'gzip, deflate, sdch',
  'referer' => 'http://tp5.me/tph2/WedgitCode/menu',
  'accept' => 'text/html,application/xhtml+xml,application/xml;q=0.9,image/webp,*/*;q=0.8',
  'user-agent' => 'Mozilla/5.0 (Windows NT 10.0; WOW64) AppleWebKit/537.36 (KHTML, like Gecko) Chrome/53.0.2785.104 Safari/537.36 Core/1.53.2372.400 QQBrowser/9.5.11096.400',
  'upgrade-insecure-requests' => '1',
  'connection' => 'close',
  'host' => 'tp5.me',
)
[ info ] [ PARAM ] array (
)
[ info ] [ RUN ] app\tph2\Controller\CreateLayout->index[ D:\WWW\tp5\public\tph2\application\tph2\controller\CreateLayout.php ]
[ info ] [ DB ] INIT mysql
[ info ] [ VIEW ] template/CreateLayout\index.html [ array (
  0 => 'pk',
  1 => 'trueTable',
  2 => 'db_prefix',
  3 => 'tableNameList',
  4 => 'moduleNameList',
  5 => 'layoutNameList',
) ]
[ info ] [ LOG ] INIT File
[ sql ] [ DB ] CONNECT:[ UseTime:0.010510s ] mysql:host=127.0.0.1;port=3306;dbname=faithjob;charset=utf8
[ sql ] [ SQL ] select table_name from information_schema.tables where table_schema='faithjob' and table_type='base table' [ RunTime:0.001554s ]
---------------------------------------------------------------
[ 2018-02-01T11:09:34+08:00 ] 127.0.0.1 127.0.0.1 POST /tph2/Index/checkVersion.html
[ info ] tp5.me/tph2/Index/checkVersion.html [运行时间：0.337481s][吞吐率：2.96req/s] [内存消耗：1,095.49kb] [文件加载：38]
[ info ] [ LANG ] D:\WWW\tp5\thinkphp\lang\zh-cn.php
[ info ] [ BIND ] 'tph2'
[ info ] [ ROUTE ] array (
  'type' => 'module',
  'module' => 
  array (
    0 => 'tph2',
    1 => 'Index',
    2 => 'checkVersion',
  ),
)
[ info ] [ HEADER ] array (
  'cookie' => 'thinkphp_show_page_trace=0|0; pgv_pvi=219482112; pgv_si=s5073842176; thinkphp_show_page_trace=0|0',
  'accept-language' => 'zh-CN,zh;q=0.8',
  'accept-encoding' => 'gzip, deflate',
  'referer' => 'http://tp5.me/tph2/CreateLayout',
  'user-agent' => 'Mozilla/5.0 (Windows NT 10.0; WOW64) AppleWebKit/537.36 (KHTML, like Gecko) Chrome/53.0.2785.104 Safari/537.36 Core/1.53.2372.400 QQBrowser/9.5.11096.400',
  'x-requested-with' => 'XMLHttpRequest',
  'origin' => 'http://tp5.me',
  'accept' => '*/*',
  'content-length' => '0',
  'connection' => 'close',
  'host' => 'tp5.me',
)
[ info ] [ PARAM ] array (
)
[ info ] [ RUN ] app\tph2\Controller\Index->checkVersion[ D:\WWW\tp5\public\tph2\application\tph2\controller\Index.php ]
[ info ] [ LOG ] INIT File
---------------------------------------------------------------
[ 2018-02-01T11:09:34+08:00 ] 127.0.0.1 127.0.0.1 GET /tph2/WedgitCode/menu
[ info ] tp5.me/tph2/WedgitCode/menu [运行时间：0.036813s][吞吐率：27.16req/s] [内存消耗：1,806.35kb] [文件加载：49]
[ info ] [ LANG ] D:\WWW\tp5\thinkphp\lang\zh-cn.php
[ info ] [ BIND ] 'tph2'
[ info ] [ ROUTE ] array (
  'type' => 'module',
  'module' => 
  array (
    0 => 'tph2',
    1 => 'WedgitCode',
    2 => 'menu',
  ),
)
[ info ] [ HEADER ] array (
  'cookie' => 'thinkphp_show_page_trace=0|0; thinkphp_show_page_trace=0|0; pgv_pvi=219482112; pgv_si=s5073842176; thinkphp_show_page_trace=0|0',
  'accept-language' => 'zh-CN,zh;q=0.8',
  'accept-encoding' => 'gzip, deflate, sdch',
  'referer' => 'http://tp5.me/tph2/CreateLayout',
  'accept' => 'text/html,application/xhtml+xml,application/xml;q=0.9,image/webp,*/*;q=0.8',
  'user-agent' => 'Mozilla/5.0 (Windows NT 10.0; WOW64) AppleWebKit/537.36 (KHTML, like Gecko) Chrome/53.0.2785.104 Safari/537.36 Core/1.53.2372.400 QQBrowser/9.5.11096.400',
  'upgrade-insecure-requests' => '1',
  'connection' => 'close',
  'host' => 'tp5.me',
)
[ info ] [ PARAM ] array (
)
[ info ] [ RUN ] app\tph2\Controller\WedgitCode->menu[ D:\WWW\tp5\public\tph2\application\tph2\controller\WedgitCode.php ]
[ info ] [ DB ] INIT mysql
[ info ] [ VIEW ] template/WedgitCode\menu.html [ array (
  0 => 'pk',
  1 => 'trueTable',
  2 => 'db_prefix',
  3 => 'tableNameList',
  4 => 'moduleNameList',
  5 => 'layoutNameList',
  6 => 'menuList',
) ]
[ info ] [ LOG ] INIT File
[ sql ] [ DB ] CONNECT:[ UseTime:0.011386s ] mysql:host=127.0.0.1;port=3306;dbname=faithjob;charset=utf8
[ sql ] [ SQL ] select table_name from information_schema.tables where table_schema='faithjob' and table_type='base table' [ RunTime:0.001793s ]
---------------------------------------------------------------
[ 2018-02-01T11:09:35+08:00 ] 127.0.0.1 127.0.0.1 POST /tph2/Index/checkVersion.html
[ info ] tp5.me/tph2/Index/checkVersion.html [运行时间：0.355735s][吞吐率：2.81req/s] [内存消耗：1,095.59kb] [文件加载：38]
[ info ] [ LANG ] D:\WWW\tp5\thinkphp\lang\zh-cn.php
[ info ] [ BIND ] 'tph2'
[ info ] [ ROUTE ] array (
  'type' => 'module',
  'module' => 
  array (
    0 => 'tph2',
    1 => 'Index',
    2 => 'checkVersion',
  ),
)
[ info ] [ HEADER ] array (
  'cookie' => 'thinkphp_show_page_trace=0|0; pgv_pvi=219482112; pgv_si=s5073842176; thinkphp_show_page_trace=0|0',
  'accept-language' => 'zh-CN,zh;q=0.8',
  'accept-encoding' => 'gzip, deflate',
  'referer' => 'http://tp5.me/tph2/WedgitCode/menu',
  'user-agent' => 'Mozilla/5.0 (Windows NT 10.0; WOW64) AppleWebKit/537.36 (KHTML, like Gecko) Chrome/53.0.2785.104 Safari/537.36 Core/1.53.2372.400 QQBrowser/9.5.11096.400',
  'x-requested-with' => 'XMLHttpRequest',
  'origin' => 'http://tp5.me',
  'accept' => '*/*',
  'content-length' => '0',
  'connection' => 'close',
  'host' => 'tp5.me',
)
[ info ] [ PARAM ] array (
)
[ info ] [ RUN ] app\tph2\Controller\Index->checkVersion[ D:\WWW\tp5\public\tph2\application\tph2\controller\Index.php ]
[ info ] [ LOG ] INIT File
---------------------------------------------------------------
[ 2018-02-01T11:09:35+08:00 ] 127.0.0.1 127.0.0.1 GET /tph2/CreateLayout
[ info ] tp5.me/tph2/CreateLayout [运行时间：0.027565s][吞吐率：36.28req/s] [内存消耗：1,795.18kb] [文件加载：49]
[ info ] [ LANG ] D:\WWW\tp5\thinkphp\lang\zh-cn.php
[ info ] [ BIND ] 'tph2'
[ info ] [ ROUTE ] array (
  'type' => 'module',
  'module' => 
  array (
    0 => 'tph2',
    1 => 'CreateLayout',
    2 => NULL,
  ),
)
[ info ] [ HEADER ] array (
  'cookie' => 'thinkphp_show_page_trace=0|0; pgv_pvi=219482112; pgv_si=s5073842176; thinkphp_show_page_trace=0|0',
  'accept-language' => 'zh-CN,zh;q=0.8',
  'accept-encoding' => 'gzip, deflate, sdch',
  'referer' => 'http://tp5.me/tph2/WedgitCode/menu',
  'accept' => 'text/html,application/xhtml+xml,application/xml;q=0.9,image/webp,*/*;q=0.8',
  'user-agent' => 'Mozilla/5.0 (Windows NT 10.0; WOW64) AppleWebKit/537.36 (KHTML, like Gecko) Chrome/53.0.2785.104 Safari/537.36 Core/1.53.2372.400 QQBrowser/9.5.11096.400',
  'upgrade-insecure-requests' => '1',
  'connection' => 'close',
  'host' => 'tp5.me',
)
[ info ] [ PARAM ] array (
)
[ info ] [ RUN ] app\tph2\Controller\CreateLayout->index[ D:\WWW\tp5\public\tph2\application\tph2\controller\CreateLayout.php ]
[ info ] [ DB ] INIT mysql
[ info ] [ VIEW ] template/CreateLayout\index.html [ array (
  0 => 'pk',
  1 => 'trueTable',
  2 => 'db_prefix',
  3 => 'tableNameList',
  4 => 'moduleNameList',
  5 => 'layoutNameList',
) ]
[ info ] [ LOG ] INIT File
[ sql ] [ DB ] CONNECT:[ UseTime:0.000807s ] mysql:host=127.0.0.1;port=3306;dbname=faithjob;charset=utf8
[ sql ] [ SQL ] select table_name from information_schema.tables where table_schema='faithjob' and table_type='base table' [ RunTime:0.001919s ]
---------------------------------------------------------------
[ 2018-02-01T11:09:35+08:00 ] 127.0.0.1 127.0.0.1 POST /tph2/Index/checkVersion.html
[ info ] tp5.me/tph2/Index/checkVersion.html [运行时间：0.376553s][吞吐率：2.66req/s] [内存消耗：1,095.49kb] [文件加载：38]
[ info ] [ LANG ] D:\WWW\tp5\thinkphp\lang\zh-cn.php
[ info ] [ BIND ] 'tph2'
[ info ] [ ROUTE ] array (
  'type' => 'module',
  'module' => 
  array (
    0 => 'tph2',
    1 => 'Index',
    2 => 'checkVersion',
  ),
)
[ info ] [ HEADER ] array (
  'cookie' => 'thinkphp_show_page_trace=0|0; pgv_pvi=219482112; pgv_si=s5073842176; thinkphp_show_page_trace=0|0',
  'accept-language' => 'zh-CN,zh;q=0.8',
  'accept-encoding' => 'gzip, deflate',
  'referer' => 'http://tp5.me/tph2/CreateLayout',
  'user-agent' => 'Mozilla/5.0 (Windows NT 10.0; WOW64) AppleWebKit/537.36 (KHTML, like Gecko) Chrome/53.0.2785.104 Safari/537.36 Core/1.53.2372.400 QQBrowser/9.5.11096.400',
  'x-requested-with' => 'XMLHttpRequest',
  'origin' => 'http://tp5.me',
  'accept' => '*/*',
  'content-length' => '0',
  'connection' => 'close',
  'host' => 'tp5.me',
)
[ info ] [ PARAM ] array (
)
[ info ] [ RUN ] app\tph2\Controller\Index->checkVersion[ D:\WWW\tp5\public\tph2\application\tph2\controller\Index.php ]
[ info ] [ LOG ] INIT File
---------------------------------------------------------------
[ 2018-02-01T11:09:35+08:00 ] 127.0.0.1 127.0.0.1 GET /tph2/WedgitCode/menu
[ info ] tp5.me/tph2/WedgitCode/menu [运行时间：0.045139s][吞吐率：22.15req/s] [内存消耗：1,806.35kb] [文件加载：49]
[ info ] [ LANG ] D:\WWW\tp5\thinkphp\lang\zh-cn.php
[ info ] [ BIND ] 'tph2'
[ info ] [ ROUTE ] array (
  'type' => 'module',
  'module' => 
  array (
    0 => 'tph2',
    1 => 'WedgitCode',
    2 => 'menu',
  ),
)
[ info ] [ HEADER ] array (
  'cookie' => 'thinkphp_show_page_trace=0|0; thinkphp_show_page_trace=0|0; pgv_pvi=219482112; pgv_si=s5073842176; thinkphp_show_page_trace=0|0',
  'accept-language' => 'zh-CN,zh;q=0.8',
  'accept-encoding' => 'gzip, deflate, sdch',
  'referer' => 'http://tp5.me/tph2/CreateLayout',
  'accept' => 'text/html,application/xhtml+xml,application/xml;q=0.9,image/webp,*/*;q=0.8',
  'user-agent' => 'Mozilla/5.0 (Windows NT 10.0; WOW64) AppleWebKit/537.36 (KHTML, like Gecko) Chrome/53.0.2785.104 Safari/537.36 Core/1.53.2372.400 QQBrowser/9.5.11096.400',
  'upgrade-insecure-requests' => '1',
  'connection' => 'close',
  'host' => 'tp5.me',
)
[ info ] [ PARAM ] array (
)
[ info ] [ RUN ] app\tph2\Controller\WedgitCode->menu[ D:\WWW\tp5\public\tph2\application\tph2\controller\WedgitCode.php ]
[ info ] [ DB ] INIT mysql
[ info ] [ VIEW ] template/WedgitCode\menu.html [ array (
  0 => 'pk',
  1 => 'trueTable',
  2 => 'db_prefix',
  3 => 'tableNameList',
  4 => 'moduleNameList',
  5 => 'layoutNameList',
  6 => 'menuList',
) ]
[ info ] [ LOG ] INIT File
[ sql ] [ DB ] CONNECT:[ UseTime:0.010688s ] mysql:host=127.0.0.1;port=3306;dbname=faithjob;charset=utf8
[ sql ] [ SQL ] select table_name from information_schema.tables where table_schema='faithjob' and table_type='base table' [ RunTime:0.002171s ]
---------------------------------------------------------------
[ 2018-02-01T11:09:36+08:00 ] 127.0.0.1 127.0.0.1 POST /tph2/Index/checkVersion.html
[ info ] tp5.me/tph2/Index/checkVersion.html [运行时间：0.325375s][吞吐率：3.07req/s] [内存消耗：1,095.59kb] [文件加载：38]
[ info ] [ LANG ] D:\WWW\tp5\thinkphp\lang\zh-cn.php
[ info ] [ BIND ] 'tph2'
[ info ] [ ROUTE ] array (
  'type' => 'module',
  'module' => 
  array (
    0 => 'tph2',
    1 => 'Index',
    2 => 'checkVersion',
  ),
)
[ info ] [ HEADER ] array (
  'cookie' => 'thinkphp_show_page_trace=0|0; pgv_pvi=219482112; pgv_si=s5073842176; thinkphp_show_page_trace=0|0',
  'accept-language' => 'zh-CN,zh;q=0.8',
  'accept-encoding' => 'gzip, deflate',
  'referer' => 'http://tp5.me/tph2/WedgitCode/menu',
  'user-agent' => 'Mozilla/5.0 (Windows NT 10.0; WOW64) AppleWebKit/537.36 (KHTML, like Gecko) Chrome/53.0.2785.104 Safari/537.36 Core/1.53.2372.400 QQBrowser/9.5.11096.400',
  'x-requested-with' => 'XMLHttpRequest',
  'origin' => 'http://tp5.me',
  'accept' => '*/*',
  'content-length' => '0',
  'connection' => 'close',
  'host' => 'tp5.me',
)
[ info ] [ PARAM ] array (
)
[ info ] [ RUN ] app\tph2\Controller\Index->checkVersion[ D:\WWW\tp5\public\tph2\application\tph2\controller\Index.php ]
[ info ] [ LOG ] INIT File
---------------------------------------------------------------
[ 2018-02-01T11:09:36+08:00 ] 127.0.0.1 127.0.0.1 GET /tph2/CreateLayout
[ info ] tp5.me/tph2/CreateLayout [运行时间：0.028629s][吞吐率：34.93req/s] [内存消耗：1,795.18kb] [文件加载：49]
[ info ] [ LANG ] D:\WWW\tp5\thinkphp\lang\zh-cn.php
[ info ] [ BIND ] 'tph2'
[ info ] [ ROUTE ] array (
  'type' => 'module',
  'module' => 
  array (
    0 => 'tph2',
    1 => 'CreateLayout',
    2 => NULL,
  ),
)
[ info ] [ HEADER ] array (
  'cookie' => 'thinkphp_show_page_trace=0|0; pgv_pvi=219482112; pgv_si=s5073842176; thinkphp_show_page_trace=0|0',
  'accept-language' => 'zh-CN,zh;q=0.8',
  'accept-encoding' => 'gzip, deflate, sdch',
  'referer' => 'http://tp5.me/tph2/WedgitCode/menu',
  'accept' => 'text/html,application/xhtml+xml,application/xml;q=0.9,image/webp,*/*;q=0.8',
  'user-agent' => 'Mozilla/5.0 (Windows NT 10.0; WOW64) AppleWebKit/537.36 (KHTML, like Gecko) Chrome/53.0.2785.104 Safari/537.36 Core/1.53.2372.400 QQBrowser/9.5.11096.400',
  'upgrade-insecure-requests' => '1',
  'connection' => 'close',
  'host' => 'tp5.me',
)
[ info ] [ PARAM ] array (
)
[ info ] [ RUN ] app\tph2\Controller\CreateLayout->index[ D:\WWW\tp5\public\tph2\application\tph2\controller\CreateLayout.php ]
[ info ] [ DB ] INIT mysql
[ info ] [ VIEW ] template/CreateLayout\index.html [ array (
  0 => 'pk',
  1 => 'trueTable',
  2 => 'db_prefix',
  3 => 'tableNameList',
  4 => 'moduleNameList',
  5 => 'layoutNameList',
) ]
[ info ] [ LOG ] INIT File
[ sql ] [ DB ] CONNECT:[ UseTime:0.000638s ] mysql:host=127.0.0.1;port=3306;dbname=faithjob;charset=utf8
[ sql ] [ SQL ] select table_name from information_schema.tables where table_schema='faithjob' and table_type='base table' [ RunTime:0.001650s ]
---------------------------------------------------------------
[ 2018-02-01T11:09:36+08:00 ] 127.0.0.1 127.0.0.1 POST /tph2/Index/checkVersion.html
[ info ] tp5.me/tph2/Index/checkVersion.html [运行时间：0.323484s][吞吐率：3.09req/s] [内存消耗：1,095.49kb] [文件加载：38]
[ info ] [ LANG ] D:\WWW\tp5\thinkphp\lang\zh-cn.php
[ info ] [ BIND ] 'tph2'
[ info ] [ ROUTE ] array (
  'type' => 'module',
  'module' => 
  array (
    0 => 'tph2',
    1 => 'Index',
    2 => 'checkVersion',
  ),
)
[ info ] [ HEADER ] array (
  'cookie' => 'thinkphp_show_page_trace=0|0; pgv_pvi=219482112; pgv_si=s5073842176; thinkphp_show_page_trace=0|0',
  'accept-language' => 'zh-CN,zh;q=0.8',
  'accept-encoding' => 'gzip, deflate',
  'referer' => 'http://tp5.me/tph2/CreateLayout',
  'user-agent' => 'Mozilla/5.0 (Windows NT 10.0; WOW64) AppleWebKit/537.36 (KHTML, like Gecko) Chrome/53.0.2785.104 Safari/537.36 Core/1.53.2372.400 QQBrowser/9.5.11096.400',
  'x-requested-with' => 'XMLHttpRequest',
  'origin' => 'http://tp5.me',
  'accept' => '*/*',
  'content-length' => '0',
  'connection' => 'close',
  'host' => 'tp5.me',
)
[ info ] [ PARAM ] array (
)
[ info ] [ RUN ] app\tph2\Controller\Index->checkVersion[ D:\WWW\tp5\public\tph2\application\tph2\controller\Index.php ]
[ info ] [ LOG ] INIT File
---------------------------------------------------------------
[ 2018-02-01T11:09:37+08:00 ] 127.0.0.1 127.0.0.1 GET /tph2/CreateLayout
[ info ] tp5.me/tph2/CreateLayout [运行时间：0.037956s][吞吐率：26.35req/s] [内存消耗：1,795.16kb] [文件加载：49]
[ info ] [ LANG ] D:\WWW\tp5\thinkphp\lang\zh-cn.php
[ info ] [ BIND ] 'tph2'
[ info ] [ ROUTE ] array (
  'type' => 'module',
  'module' => 
  array (
    0 => 'tph2',
    1 => 'CreateLayout',
    2 => NULL,
  ),
)
[ info ] [ HEADER ] array (
  'cookie' => 'thinkphp_show_page_trace=0|0; pgv_pvi=219482112; pgv_si=s5073842176; thinkphp_show_page_trace=0|0',
  'accept-language' => 'zh-CN,zh;q=0.8',
  'accept-encoding' => 'gzip, deflate, sdch',
  'referer' => 'http://tp5.me/tph2/CreateLayout',
  'accept' => 'text/html,application/xhtml+xml,application/xml;q=0.9,image/webp,*/*;q=0.8',
  'user-agent' => 'Mozilla/5.0 (Windows NT 10.0; WOW64) AppleWebKit/537.36 (KHTML, like Gecko) Chrome/53.0.2785.104 Safari/537.36 Core/1.53.2372.400 QQBrowser/9.5.11096.400',
  'upgrade-insecure-requests' => '1',
  'connection' => 'close',
  'host' => 'tp5.me',
)
[ info ] [ PARAM ] array (
)
[ info ] [ RUN ] app\tph2\Controller\CreateLayout->index[ D:\WWW\tp5\public\tph2\application\tph2\controller\CreateLayout.php ]
[ info ] [ DB ] INIT mysql
[ info ] [ VIEW ] template/CreateLayout\index.html [ array (
  0 => 'pk',
  1 => 'trueTable',
  2 => 'db_prefix',
  3 => 'tableNameList',
  4 => 'moduleNameList',
  5 => 'layoutNameList',
) ]
[ info ] [ LOG ] INIT File
[ sql ] [ DB ] CONNECT:[ UseTime:0.010516s ] mysql:host=127.0.0.1;port=3306;dbname=faithjob;charset=utf8
[ sql ] [ SQL ] select table_name from information_schema.tables where table_schema='faithjob' and table_type='base table' [ RunTime:0.001704s ]
---------------------------------------------------------------
[ 2018-02-01T11:09:37+08:00 ] 127.0.0.1 127.0.0.1 GET /tph2/WedgitCode/menu
[ info ] tp5.me/tph2/WedgitCode/menu [运行时间：0.029922s][吞吐率：33.42req/s] [内存消耗：1,806.19kb] [文件加载：49]
[ info ] [ LANG ] D:\WWW\tp5\thinkphp\lang\zh-cn.php
[ info ] [ BIND ] 'tph2'
[ info ] [ ROUTE ] array (
  'type' => 'module',
  'module' => 
  array (
    0 => 'tph2',
    1 => 'WedgitCode',
    2 => 'menu',
  ),
)
[ info ] [ HEADER ] array (
  'cookie' => 'thinkphp_show_page_trace=0|0; thinkphp_show_page_trace=0|0; pgv_pvi=219482112; pgv_si=s5073842176; thinkphp_show_page_trace=0|0',
  'accept-language' => 'zh-CN,zh;q=0.8',
  'accept-encoding' => 'gzip, deflate, sdch',
  'referer' => 'http://tp5.me/tph2/CreateLayout',
  'accept' => 'text/html,application/xhtml+xml,application/xml;q=0.9,image/webp,*/*;q=0.8',
  'user-agent' => 'Mozilla/5.0 (Windows NT 10.0; WOW64) AppleWebKit/537.36 (KHTML, like Gecko) Chrome/53.0.2785.104 Safari/537.36 Core/1.53.2372.400 QQBrowser/9.5.11096.400',
  'upgrade-insecure-requests' => '1',
  'connection' => 'close',
  'host' => 'tp5.me',
)
[ info ] [ PARAM ] array (
)
[ info ] [ RUN ] app\tph2\Controller\WedgitCode->menu[ D:\WWW\tp5\public\tph2\application\tph2\controller\WedgitCode.php ]
[ info ] [ DB ] INIT mysql
[ info ] [ VIEW ] template/WedgitCode\menu.html [ array (
  0 => 'pk',
  1 => 'trueTable',
  2 => 'db_prefix',
  3 => 'tableNameList',
  4 => 'moduleNameList',
  5 => 'layoutNameList',
  6 => 'menuList',
) ]
[ info ] [ LOG ] INIT File
[ sql ] [ DB ] CONNECT:[ UseTime:0.001679s ] mysql:host=127.0.0.1;port=3306;dbname=faithjob;charset=utf8
[ sql ] [ SQL ] select table_name from information_schema.tables where table_schema='faithjob' and table_type='base table' [ RunTime:0.001411s ]
---------------------------------------------------------------
[ 2018-02-01T11:09:38+08:00 ] 127.0.0.1 127.0.0.1 POST /tph2/Index/checkVersion.html
[ info ] tp5.me/tph2/Index/checkVersion.html [运行时间：0.375565s][吞吐率：2.66req/s] [内存消耗：1,095.49kb] [文件加载：38]
[ info ] [ LANG ] D:\WWW\tp5\thinkphp\lang\zh-cn.php
[ info ] [ BIND ] 'tph2'
[ info ] [ ROUTE ] array (
  'type' => 'module',
  'module' => 
  array (
    0 => 'tph2',
    1 => 'Index',
    2 => 'checkVersion',
  ),
)
[ info ] [ HEADER ] array (
  'cookie' => 'thinkphp_show_page_trace=0|0; pgv_pvi=219482112; pgv_si=s5073842176; thinkphp_show_page_trace=0|0',
  'accept-language' => 'zh-CN,zh;q=0.8',
  'accept-encoding' => 'gzip, deflate',
  'referer' => 'http://tp5.me/tph2/CreateLayout',
  'user-agent' => 'Mozilla/5.0 (Windows NT 10.0; WOW64) AppleWebKit/537.36 (KHTML, like Gecko) Chrome/53.0.2785.104 Safari/537.36 Core/1.53.2372.400 QQBrowser/9.5.11096.400',
  'x-requested-with' => 'XMLHttpRequest',
  'origin' => 'http://tp5.me',
  'accept' => '*/*',
  'content-length' => '0',
  'connection' => 'close',
  'host' => 'tp5.me',
)
[ info ] [ PARAM ] array (
)
[ info ] [ RUN ] app\tph2\Controller\Index->checkVersion[ D:\WWW\tp5\public\tph2\application\tph2\controller\Index.php ]
[ info ] [ LOG ] INIT File
---------------------------------------------------------------
[ 2018-02-01T11:09:38+08:00 ] 127.0.0.1 127.0.0.1 GET /tph2/CreateLayout
[ info ] tp5.me/tph2/CreateLayout [运行时间：0.036787s][吞吐率：27.18req/s] [内存消耗：1,795.16kb] [文件加载：49]
[ info ] [ LANG ] D:\WWW\tp5\thinkphp\lang\zh-cn.php
[ info ] [ BIND ] 'tph2'
[ info ] [ ROUTE ] array (
  'type' => 'module',
  'module' => 
  array (
    0 => 'tph2',
    1 => 'CreateLayout',
    2 => NULL,
  ),
)
[ info ] [ HEADER ] array (
  'cookie' => 'thinkphp_show_page_trace=0|0; pgv_pvi=219482112; pgv_si=s5073842176; thinkphp_show_page_trace=0|0',
  'accept-language' => 'zh-CN,zh;q=0.8',
  'accept-encoding' => 'gzip, deflate, sdch',
  'referer' => 'http://tp5.me/tph2/CreateLayout',
  'accept' => 'text/html,application/xhtml+xml,application/xml;q=0.9,image/webp,*/*;q=0.8',
  'user-agent' => 'Mozilla/5.0 (Windows NT 10.0; WOW64) AppleWebKit/537.36 (KHTML, like Gecko) Chrome/53.0.2785.104 Safari/537.36 Core/1.53.2372.400 QQBrowser/9.5.11096.400',
  'upgrade-insecure-requests' => '1',
  'connection' => 'close',
  'host' => 'tp5.me',
)
[ info ] [ PARAM ] array (
)
[ info ] [ RUN ] app\tph2\Controller\CreateLayout->index[ D:\WWW\tp5\public\tph2\application\tph2\controller\CreateLayout.php ]
[ info ] [ DB ] INIT mysql
[ info ] [ VIEW ] template/CreateLayout\index.html [ array (
  0 => 'pk',
  1 => 'trueTable',
  2 => 'db_prefix',
  3 => 'tableNameList',
  4 => 'moduleNameList',
  5 => 'layoutNameList',
) ]
[ info ] [ LOG ] INIT File
[ sql ] [ DB ] CONNECT:[ UseTime:0.010437s ] mysql:host=127.0.0.1;port=3306;dbname=faithjob;charset=utf8
[ sql ] [ SQL ] select table_name from information_schema.tables where table_schema='faithjob' and table_type='base table' [ RunTime:0.002204s ]
---------------------------------------------------------------
[ 2018-02-01T11:09:39+08:00 ] 127.0.0.1 127.0.0.1 GET /tph2/CreateLayout
[ info ] tp5.me/tph2/CreateLayout [运行时间：0.029078s][吞吐率：34.39req/s] [内存消耗：1,795.16kb] [文件加载：49]
[ info ] [ LANG ] D:\WWW\tp5\thinkphp\lang\zh-cn.php
[ info ] [ BIND ] 'tph2'
[ info ] [ ROUTE ] array (
  'type' => 'module',
  'module' => 
  array (
    0 => 'tph2',
    1 => 'CreateLayout',
    2 => NULL,
  ),
)
[ info ] [ HEADER ] array (
  'cookie' => 'thinkphp_show_page_trace=0|0; pgv_pvi=219482112; pgv_si=s5073842176; thinkphp_show_page_trace=0|0',
  'accept-language' => 'zh-CN,zh;q=0.8',
  'accept-encoding' => 'gzip, deflate, sdch',
  'referer' => 'http://tp5.me/tph2/CreateLayout',
  'accept' => 'text/html,application/xhtml+xml,application/xml;q=0.9,image/webp,*/*;q=0.8',
  'user-agent' => 'Mozilla/5.0 (Windows NT 10.0; WOW64) AppleWebKit/537.36 (KHTML, like Gecko) Chrome/53.0.2785.104 Safari/537.36 Core/1.53.2372.400 QQBrowser/9.5.11096.400',
  'upgrade-insecure-requests' => '1',
  'connection' => 'close',
  'host' => 'tp5.me',
)
[ info ] [ PARAM ] array (
)
[ info ] [ RUN ] app\tph2\Controller\CreateLayout->index[ D:\WWW\tp5\public\tph2\application\tph2\controller\CreateLayout.php ]
[ info ] [ DB ] INIT mysql
[ info ] [ VIEW ] template/CreateLayout\index.html [ array (
  0 => 'pk',
  1 => 'trueTable',
  2 => 'db_prefix',
  3 => 'tableNameList',
  4 => 'moduleNameList',
  5 => 'layoutNameList',
) ]
[ info ] [ LOG ] INIT File
[ sql ] [ DB ] CONNECT:[ UseTime:0.001025s ] mysql:host=127.0.0.1;port=3306;dbname=faithjob;charset=utf8
[ sql ] [ SQL ] select table_name from information_schema.tables where table_schema='faithjob' and table_type='base table' [ RunTime:0.004237s ]
---------------------------------------------------------------
[ 2018-02-01T11:09:39+08:00 ] 127.0.0.1 127.0.0.1 POST /tph2/Index/checkVersion.html
[ info ] tp5.me/tph2/Index/checkVersion.html [运行时间：0.375654s][吞吐率：2.66req/s] [内存消耗：1,095.48kb] [文件加载：38]
[ info ] [ LANG ] D:\WWW\tp5\thinkphp\lang\zh-cn.php
[ info ] [ BIND ] 'tph2'
[ info ] [ ROUTE ] array (
  'type' => 'module',
  'module' => 
  array (
    0 => 'tph2',
    1 => 'Index',
    2 => 'checkVersion',
  ),
)
[ info ] [ HEADER ] array (
  'cookie' => 'thinkphp_show_page_trace=0|0; pgv_pvi=219482112; pgv_si=s5073842176; thinkphp_show_page_trace=0|0',
  'accept-language' => 'zh-CN,zh;q=0.8',
  'accept-encoding' => 'gzip, deflate',
  'referer' => 'http://tp5.me/tph2/CreateLayout',
  'user-agent' => 'Mozilla/5.0 (Windows NT 10.0; WOW64) AppleWebKit/537.36 (KHTML, like Gecko) Chrome/53.0.2785.104 Safari/537.36 Core/1.53.2372.400 QQBrowser/9.5.11096.400',
  'x-requested-with' => 'XMLHttpRequest',
  'origin' => 'http://tp5.me',
  'accept' => '*/*',
  'content-length' => '0',
  'connection' => 'close',
  'host' => 'tp5.me',
)
[ info ] [ PARAM ] array (
)
[ info ] [ RUN ] app\tph2\Controller\Index->checkVersion[ D:\WWW\tp5\public\tph2\application\tph2\controller\Index.php ]
[ info ] [ LOG ] INIT File
---------------------------------------------------------------
[ 2018-02-01T11:09:39+08:00 ] 127.0.0.1 127.0.0.1 POST /tph2/Index/checkVersion.html
[ info ] tp5.me/tph2/Index/checkVersion.html [运行时间：1.431820s][吞吐率：0.70req/s] [内存消耗：1,095.49kb] [文件加载：38]
[ info ] [ LANG ] D:\WWW\tp5\thinkphp\lang\zh-cn.php
[ info ] [ BIND ] 'tph2'
[ info ] [ ROUTE ] array (
  'type' => 'module',
  'module' => 
  array (
    0 => 'tph2',
    1 => 'Index',
    2 => 'checkVersion',
  ),
)
[ info ] [ HEADER ] array (
  'cookie' => 'thinkphp_show_page_trace=0|0; pgv_pvi=219482112; pgv_si=s5073842176; thinkphp_show_page_trace=0|0',
  'accept-language' => 'zh-CN,zh;q=0.8',
  'accept-encoding' => 'gzip, deflate',
  'referer' => 'http://tp5.me/tph2/CreateLayout',
  'user-agent' => 'Mozilla/5.0 (Windows NT 10.0; WOW64) AppleWebKit/537.36 (KHTML, like Gecko) Chrome/53.0.2785.104 Safari/537.36 Core/1.53.2372.400 QQBrowser/9.5.11096.400',
  'x-requested-with' => 'XMLHttpRequest',
  'origin' => 'http://tp5.me',
  'accept' => '*/*',
  'content-length' => '0',
  'connection' => 'close',
  'host' => 'tp5.me',
)
[ info ] [ PARAM ] array (
)
[ info ] [ RUN ] app\tph2\Controller\Index->checkVersion[ D:\WWW\tp5\public\tph2\application\tph2\controller\Index.php ]
[ info ] [ LOG ] INIT File
---------------------------------------------------------------
[ 2018-02-01T11:09:42+08:00 ] 127.0.0.1 127.0.0.1 GET /tph2/WedgitCode/menu
[ info ] tp5.me/tph2/WedgitCode/menu [运行时间：0.034730s][吞吐率：28.79req/s] [内存消耗：1,806.35kb] [文件加载：49]
[ info ] [ LANG ] D:\WWW\tp5\thinkphp\lang\zh-cn.php
[ info ] [ BIND ] 'tph2'
[ info ] [ ROUTE ] array (
  'type' => 'module',
  'module' => 
  array (
    0 => 'tph2',
    1 => 'WedgitCode',
    2 => 'menu',
  ),
)
[ info ] [ HEADER ] array (
  'cookie' => 'thinkphp_show_page_trace=0|0; thinkphp_show_page_trace=0|0; pgv_pvi=219482112; pgv_si=s5073842176; thinkphp_show_page_trace=0|0',
  'accept-language' => 'zh-CN,zh;q=0.8',
  'accept-encoding' => 'gzip, deflate, sdch',
  'referer' => 'http://tp5.me/tph2/CreateLayout',
  'accept' => 'text/html,application/xhtml+xml,application/xml;q=0.9,image/webp,*/*;q=0.8',
  'user-agent' => 'Mozilla/5.0 (Windows NT 10.0; WOW64) AppleWebKit/537.36 (KHTML, like Gecko) Chrome/53.0.2785.104 Safari/537.36 Core/1.53.2372.400 QQBrowser/9.5.11096.400',
  'upgrade-insecure-requests' => '1',
  'connection' => 'close',
  'host' => 'tp5.me',
)
[ info ] [ PARAM ] array (
)
[ info ] [ RUN ] app\tph2\Controller\WedgitCode->menu[ D:\WWW\tp5\public\tph2\application\tph2\controller\WedgitCode.php ]
[ info ] [ DB ] INIT mysql
[ info ] [ VIEW ] template/WedgitCode\menu.html [ array (
  0 => 'pk',
  1 => 'trueTable',
  2 => 'db_prefix',
  3 => 'tableNameList',
  4 => 'moduleNameList',
  5 => 'layoutNameList',
  6 => 'menuList',
) ]
[ info ] [ LOG ] INIT File
[ sql ] [ DB ] CONNECT:[ UseTime:0.010392s ] mysql:host=127.0.0.1;port=3306;dbname=faithjob;charset=utf8
[ sql ] [ SQL ] select table_name from information_schema.tables where table_schema='faithjob' and table_type='base table' [ RunTime:0.001474s ]
---------------------------------------------------------------
[ 2018-02-01T11:09:42+08:00 ] 127.0.0.1 127.0.0.1 POST /tph2/Index/checkVersion.html
[ info ] tp5.me/tph2/Index/checkVersion.html [运行时间：0.338812s][吞吐率：2.95req/s] [内存消耗：1,095.59kb] [文件加载：38]
[ info ] [ LANG ] D:\WWW\tp5\thinkphp\lang\zh-cn.php
[ info ] [ BIND ] 'tph2'
[ info ] [ ROUTE ] array (
  'type' => 'module',
  'module' => 
  array (
    0 => 'tph2',
    1 => 'Index',
    2 => 'checkVersion',
  ),
)
[ info ] [ HEADER ] array (
  'cookie' => 'thinkphp_show_page_trace=0|0; pgv_pvi=219482112; pgv_si=s5073842176; thinkphp_show_page_trace=0|0',
  'accept-language' => 'zh-CN,zh;q=0.8',
  'accept-encoding' => 'gzip, deflate',
  'referer' => 'http://tp5.me/tph2/WedgitCode/menu',
  'user-agent' => 'Mozilla/5.0 (Windows NT 10.0; WOW64) AppleWebKit/537.36 (KHTML, like Gecko) Chrome/53.0.2785.104 Safari/537.36 Core/1.53.2372.400 QQBrowser/9.5.11096.400',
  'x-requested-with' => 'XMLHttpRequest',
  'origin' => 'http://tp5.me',
  'accept' => '*/*',
  'content-length' => '0',
  'connection' => 'close',
  'host' => 'tp5.me',
)
[ info ] [ PARAM ] array (
)
[ info ] [ RUN ] app\tph2\Controller\Index->checkVersion[ D:\WWW\tp5\public\tph2\application\tph2\controller\Index.php ]
[ info ] [ LOG ] INIT File
---------------------------------------------------------------
[ 2018-02-01T11:10:02+08:00 ] 127.0.0.1 127.0.0.1 GET /tph2/WedgitCode/menu
[ info ] tp5.me/tph2/WedgitCode/menu [运行时间：0.037504s][吞吐率：26.66req/s] [内存消耗：1,806.12kb] [文件加载：49]
[ info ] [ LANG ] D:\WWW\tp5\thinkphp\lang\zh-cn.php
[ info ] [ BIND ] 'tph2'
[ info ] [ ROUTE ] array (
  'type' => 'module',
  'module' => 
  array (
    0 => 'tph2',
    1 => 'WedgitCode',
    2 => 'menu',
  ),
)
[ info ] [ HEADER ] array (
  'cookie' => 'thinkphp_show_page_trace=0|0; thinkphp_show_page_trace=0|0; pgv_pvi=219482112; pgv_si=s5073842176; thinkphp_show_page_trace=0|0',
  'accept-language' => 'zh-CN,zh;q=0.8',
  'accept-encoding' => 'gzip, deflate, sdch',
  'referer' => 'http://tp5.me/tph2/WedgitCode/menu',
  'accept' => 'text/html,application/xhtml+xml,application/xml;q=0.9,image/webp,*/*;q=0.8',
  'user-agent' => 'Mozilla/5.0 (Windows NT 10.0; WOW64) AppleWebKit/537.36 (KHTML, like Gecko) Chrome/53.0.2785.104 Safari/537.36 Core/1.53.2372.400 QQBrowser/9.5.11096.400',
  'upgrade-insecure-requests' => '1',
  'connection' => 'close',
  'host' => 'tp5.me',
)
[ info ] [ PARAM ] array (
)
[ info ] [ RUN ] app\tph2\Controller\WedgitCode->menu[ D:\WWW\tp5\public\tph2\application\tph2\controller\WedgitCode.php ]
[ info ] [ DB ] INIT mysql
[ info ] [ VIEW ] template/WedgitCode\menu.html [ array (
  0 => 'pk',
  1 => 'trueTable',
  2 => 'db_prefix',
  3 => 'tableNameList',
  4 => 'moduleNameList',
  5 => 'layoutNameList',
  6 => 'menuList',
) ]
[ info ] [ LOG ] INIT File
[ sql ] [ DB ] CONNECT:[ UseTime:0.011358s ] mysql:host=127.0.0.1;port=3306;dbname=faithjob;charset=utf8
[ sql ] [ SQL ] select table_name from information_schema.tables where table_schema='faithjob' and table_type='base table' [ RunTime:0.001650s ]
---------------------------------------------------------------
[ 2018-02-01T11:10:03+08:00 ] 127.0.0.1 127.0.0.1 POST /tph2/Index/checkVersion.html
[ info ] tp5.me/tph2/Index/checkVersion.html [运行时间：0.322196s][吞吐率：3.10req/s] [内存消耗：1,095.59kb] [文件加载：38]
[ info ] [ LANG ] D:\WWW\tp5\thinkphp\lang\zh-cn.php
[ info ] [ BIND ] 'tph2'
[ info ] [ ROUTE ] array (
  'type' => 'module',
  'module' => 
  array (
    0 => 'tph2',
    1 => 'Index',
    2 => 'checkVersion',
  ),
)
[ info ] [ HEADER ] array (
  'cookie' => 'thinkphp_show_page_trace=0|0; pgv_pvi=219482112; pgv_si=s5073842176; thinkphp_show_page_trace=0|0',
  'accept-language' => 'zh-CN,zh;q=0.8',
  'accept-encoding' => 'gzip, deflate',
  'referer' => 'http://tp5.me/tph2/WedgitCode/menu',
  'user-agent' => 'Mozilla/5.0 (Windows NT 10.0; WOW64) AppleWebKit/537.36 (KHTML, like Gecko) Chrome/53.0.2785.104 Safari/537.36 Core/1.53.2372.400 QQBrowser/9.5.11096.400',
  'x-requested-with' => 'XMLHttpRequest',
  'origin' => 'http://tp5.me',
  'accept' => '*/*',
  'content-length' => '0',
  'connection' => 'close',
  'host' => 'tp5.me',
)
[ info ] [ PARAM ] array (
)
[ info ] [ RUN ] app\tph2\Controller\Index->checkVersion[ D:\WWW\tp5\public\tph2\application\tph2\controller\Index.php ]
[ info ] [ LOG ] INIT File
---------------------------------------------------------------
[ 2018-02-01T11:10:03+08:00 ] 127.0.0.1 127.0.0.1 GET /tph2/CreateLayout
[ info ] tp5.me/tph2/CreateLayout [运行时间：0.024932s][吞吐率：40.11req/s] [内存消耗：1,795.18kb] [文件加载：49]
[ info ] [ LANG ] D:\WWW\tp5\thinkphp\lang\zh-cn.php
[ info ] [ BIND ] 'tph2'
[ info ] [ ROUTE ] array (
  'type' => 'module',
  'module' => 
  array (
    0 => 'tph2',
    1 => 'CreateLayout',
    2 => NULL,
  ),
)
[ info ] [ HEADER ] array (
  'cookie' => 'thinkphp_show_page_trace=0|0; pgv_pvi=219482112; pgv_si=s5073842176; thinkphp_show_page_trace=0|0',
  'accept-language' => 'zh-CN,zh;q=0.8',
  'accept-encoding' => 'gzip, deflate, sdch',
  'referer' => 'http://tp5.me/tph2/WedgitCode/menu',
  'accept' => 'text/html,application/xhtml+xml,application/xml;q=0.9,image/webp,*/*;q=0.8',
  'user-agent' => 'Mozilla/5.0 (Windows NT 10.0; WOW64) AppleWebKit/537.36 (KHTML, like Gecko) Chrome/53.0.2785.104 Safari/537.36 Core/1.53.2372.400 QQBrowser/9.5.11096.400',
  'upgrade-insecure-requests' => '1',
  'connection' => 'close',
  'host' => 'tp5.me',
)
[ info ] [ PARAM ] array (
)
[ info ] [ RUN ] app\tph2\Controller\CreateLayout->index[ D:\WWW\tp5\public\tph2\application\tph2\controller\CreateLayout.php ]
[ info ] [ DB ] INIT mysql
[ info ] [ VIEW ] template/CreateLayout\index.html [ array (
  0 => 'pk',
  1 => 'trueTable',
  2 => 'db_prefix',
  3 => 'tableNameList',
  4 => 'moduleNameList',
  5 => 'layoutNameList',
) ]
[ info ] [ LOG ] INIT File
[ sql ] [ DB ] CONNECT:[ UseTime:0.001083s ] mysql:host=127.0.0.1;port=3306;dbname=faithjob;charset=utf8
[ sql ] [ SQL ] select table_name from information_schema.tables where table_schema='faithjob' and table_type='base table' [ RunTime:0.001878s ]
---------------------------------------------------------------
[ 2018-02-01T11:10:04+08:00 ] 127.0.0.1 127.0.0.1 POST /tph2/Index/checkVersion.html
[ info ] tp5.me/tph2/Index/checkVersion.html [运行时间：0.376159s][吞吐率：2.66req/s] [内存消耗：1,095.49kb] [文件加载：38]
[ info ] [ LANG ] D:\WWW\tp5\thinkphp\lang\zh-cn.php
[ info ] [ BIND ] 'tph2'
[ info ] [ ROUTE ] array (
  'type' => 'module',
  'module' => 
  array (
    0 => 'tph2',
    1 => 'Index',
    2 => 'checkVersion',
  ),
)
[ info ] [ HEADER ] array (
  'cookie' => 'thinkphp_show_page_trace=0|0; pgv_pvi=219482112; pgv_si=s5073842176; thinkphp_show_page_trace=0|0',
  'accept-language' => 'zh-CN,zh;q=0.8',
  'accept-encoding' => 'gzip, deflate',
  'referer' => 'http://tp5.me/tph2/CreateLayout',
  'user-agent' => 'Mozilla/5.0 (Windows NT 10.0; WOW64) AppleWebKit/537.36 (KHTML, like Gecko) Chrome/53.0.2785.104 Safari/537.36 Core/1.53.2372.400 QQBrowser/9.5.11096.400',
  'x-requested-with' => 'XMLHttpRequest',
  'origin' => 'http://tp5.me',
  'accept' => '*/*',
  'content-length' => '0',
  'connection' => 'close',
  'host' => 'tp5.me',
)
[ info ] [ PARAM ] array (
)
[ info ] [ RUN ] app\tph2\Controller\Index->checkVersion[ D:\WWW\tp5\public\tph2\application\tph2\controller\Index.php ]
[ info ] [ LOG ] INIT File
---------------------------------------------------------------
[ 2018-02-01T11:10:04+08:00 ] 127.0.0.1 127.0.0.1 GET /tph2/WedgitCode/menu
[ info ] tp5.me/tph2/WedgitCode/menu [运行时间：0.035888s][吞吐率：27.86req/s] [内存消耗：1,806.35kb] [文件加载：49]
[ info ] [ LANG ] D:\WWW\tp5\thinkphp\lang\zh-cn.php
[ info ] [ BIND ] 'tph2'
[ info ] [ ROUTE ] array (
  'type' => 'module',
  'module' => 
  array (
    0 => 'tph2',
    1 => 'WedgitCode',
    2 => 'menu',
  ),
)
[ info ] [ HEADER ] array (
  'cookie' => 'thinkphp_show_page_trace=0|0; thinkphp_show_page_trace=0|0; pgv_pvi=219482112; pgv_si=s5073842176; thinkphp_show_page_trace=0|0',
  'accept-language' => 'zh-CN,zh;q=0.8',
  'accept-encoding' => 'gzip, deflate, sdch',
  'referer' => 'http://tp5.me/tph2/CreateLayout',
  'accept' => 'text/html,application/xhtml+xml,application/xml;q=0.9,image/webp,*/*;q=0.8',
  'user-agent' => 'Mozilla/5.0 (Windows NT 10.0; WOW64) AppleWebKit/537.36 (KHTML, like Gecko) Chrome/53.0.2785.104 Safari/537.36 Core/1.53.2372.400 QQBrowser/9.5.11096.400',
  'upgrade-insecure-requests' => '1',
  'connection' => 'close',
  'host' => 'tp5.me',
)
[ info ] [ PARAM ] array (
)
[ info ] [ RUN ] app\tph2\Controller\WedgitCode->menu[ D:\WWW\tp5\public\tph2\application\tph2\controller\WedgitCode.php ]
[ info ] [ DB ] INIT mysql
[ info ] [ VIEW ] template/WedgitCode\menu.html [ array (
  0 => 'pk',
  1 => 'trueTable',
  2 => 'db_prefix',
  3 => 'tableNameList',
  4 => 'moduleNameList',
  5 => 'layoutNameList',
  6 => 'menuList',
) ]
[ info ] [ LOG ] INIT File
[ sql ] [ DB ] CONNECT:[ UseTime:0.010308s ] mysql:host=127.0.0.1;port=3306;dbname=faithjob;charset=utf8
[ sql ] [ SQL ] select table_name from information_schema.tables where table_schema='faithjob' and table_type='base table' [ RunTime:0.002525s ]
---------------------------------------------------------------
[ 2018-02-01T11:10:04+08:00 ] 127.0.0.1 127.0.0.1 POST /tph2/Index/checkVersion.html
[ info ] tp5.me/tph2/Index/checkVersion.html [运行时间：0.358712s][吞吐率：2.79req/s] [内存消耗：1,095.59kb] [文件加载：38]
[ info ] [ LANG ] D:\WWW\tp5\thinkphp\lang\zh-cn.php
[ info ] [ BIND ] 'tph2'
[ info ] [ ROUTE ] array (
  'type' => 'module',
  'module' => 
  array (
    0 => 'tph2',
    1 => 'Index',
    2 => 'checkVersion',
  ),
)
[ info ] [ HEADER ] array (
  'cookie' => 'thinkphp_show_page_trace=0|0; pgv_pvi=219482112; pgv_si=s5073842176; thinkphp_show_page_trace=0|0',
  'accept-language' => 'zh-CN,zh;q=0.8',
  'accept-encoding' => 'gzip, deflate',
  'referer' => 'http://tp5.me/tph2/WedgitCode/menu',
  'user-agent' => 'Mozilla/5.0 (Windows NT 10.0; WOW64) AppleWebKit/537.36 (KHTML, like Gecko) Chrome/53.0.2785.104 Safari/537.36 Core/1.53.2372.400 QQBrowser/9.5.11096.400',
  'x-requested-with' => 'XMLHttpRequest',
  'origin' => 'http://tp5.me',
  'accept' => '*/*',
  'content-length' => '0',
  'connection' => 'close',
  'host' => 'tp5.me',
)
[ info ] [ PARAM ] array (
)
[ info ] [ RUN ] app\tph2\Controller\Index->checkVersion[ D:\WWW\tp5\public\tph2\application\tph2\controller\Index.php ]
[ info ] [ LOG ] INIT File
---------------------------------------------------------------
[ 2018-02-01T11:10:08+08:00 ] 127.0.0.1 127.0.0.1 GET /tph2/ViewCode
[ info ] tp5.me/tph2/ViewCode [运行时间：0.025471s][吞吐率：39.26req/s] [内存消耗：1,820.49kb] [文件加载：49]
[ info ] [ LANG ] D:\WWW\tp5\thinkphp\lang\zh-cn.php
[ info ] [ BIND ] 'tph2'
[ info ] [ ROUTE ] array (
  'type' => 'module',
  'module' => 
  array (
    0 => 'tph2',
    1 => 'ViewCode',
    2 => NULL,
  ),
)
[ info ] [ HEADER ] array (
  'cookie' => 'thinkphp_show_page_trace=0|0; pgv_pvi=219482112; pgv_si=s5073842176; thinkphp_show_page_trace=0|0',
  'accept-language' => 'zh-CN,zh;q=0.8',
  'accept-encoding' => 'gzip, deflate, sdch',
  'referer' => 'http://tp5.me/tph2/WedgitCode/menu',
  'accept' => 'text/html,application/xhtml+xml,application/xml;q=0.9,image/webp,*/*;q=0.8',
  'user-agent' => 'Mozilla/5.0 (Windows NT 10.0; WOW64) AppleWebKit/537.36 (KHTML, like Gecko) Chrome/53.0.2785.104 Safari/537.36 Core/1.53.2372.400 QQBrowser/9.5.11096.400',
  'upgrade-insecure-requests' => '1',
  'connection' => 'close',
  'host' => 'tp5.me',
)
[ info ] [ PARAM ] array (
)
[ info ] [ RUN ] app\tph2\Controller\ViewCode->index[ D:\WWW\tp5\public\tph2\application\tph2\controller\ViewCode.php ]
[ info ] [ DB ] INIT mysql
[ info ] [ VIEW ] template/ViewCode\index.html [ array (
  0 => 'pk',
  1 => 'trueTable',
  2 => 'db_prefix',
  3 => 'tableNameList',
  4 => 'moduleNameList',
  5 => 'themeList',
) ]
[ info ] [ LOG ] INIT File
[ sql ] [ DB ] CONNECT:[ UseTime:0.000616s ] mysql:host=127.0.0.1;port=3306;dbname=faithjob;charset=utf8
[ sql ] [ SQL ] select table_name from information_schema.tables where table_schema='faithjob' and table_type='base table' [ RunTime:0.001460s ]
---------------------------------------------------------------
[ 2018-02-01T11:10:08+08:00 ] 127.0.0.1 127.0.0.1 POST /tph2/Index/checkVersion.html
[ info ] tp5.me/tph2/Index/checkVersion.html [运行时间：0.345942s][吞吐率：2.89req/s] [内存消耗：1,095.52kb] [文件加载：38]
[ info ] [ LANG ] D:\WWW\tp5\thinkphp\lang\zh-cn.php
[ info ] [ BIND ] 'tph2'
[ info ] [ ROUTE ] array (
  'type' => 'module',
  'module' => 
  array (
    0 => 'tph2',
    1 => 'Index',
    2 => 'checkVersion',
  ),
)
[ info ] [ HEADER ] array (
  'cookie' => 'thinkphp_show_page_trace=0|0; pgv_pvi=219482112; pgv_si=s5073842176; thinkphp_show_page_trace=0|0',
  'accept-language' => 'zh-CN,zh;q=0.8',
  'accept-encoding' => 'gzip, deflate',
  'referer' => 'http://tp5.me/tph2/ViewCode',
  'user-agent' => 'Mozilla/5.0 (Windows NT 10.0; WOW64) AppleWebKit/537.36 (KHTML, like Gecko) Chrome/53.0.2785.104 Safari/537.36 Core/1.53.2372.400 QQBrowser/9.5.11096.400',
  'x-requested-with' => 'XMLHttpRequest',
  'origin' => 'http://tp5.me',
  'accept' => '*/*',
  'content-length' => '0',
  'connection' => 'close',
  'host' => 'tp5.me',
)
[ info ] [ PARAM ] array (
)
[ info ] [ RUN ] app\tph2\Controller\Index->checkVersion[ D:\WWW\tp5\public\tph2\application\tph2\controller\Index.php ]
[ info ] [ LOG ] INIT File
---------------------------------------------------------------
[ 2018-02-01T11:12:11+08:00 ] 127.0.0.1 127.0.0.1 GET /tph2/ViewCode
[ info ] tp5.me/tph2/ViewCode [运行时间：0.039736s][吞吐率：25.17req/s] [内存消耗：1,819.65kb] [文件加载：49]
[ info ] [ LANG ] D:\WWW\tp5\thinkphp\lang\zh-cn.php
[ info ] [ BIND ] 'tph2'
[ info ] [ ROUTE ] array (
  'type' => 'module',
  'module' => 
  array (
    0 => 'tph2',
    1 => 'ViewCode',
    2 => NULL,
  ),
)
[ info ] [ HEADER ] array (
  'cookie' => 'pgv_pvi=361521152',
  'accept-language' => 'zh-CN,zh;q=0.9,en;q=0.8',
  'accept-encoding' => 'gzip, deflate',
  'accept' => 'text/html,application/xhtml+xml,application/xml;q=0.9,image/webp,image/apng,*/*;q=0.8',
  'upgrade-insecure-requests' => '1',
  'user-agent' => 'Mozilla/5.0 (Windows NT 10.0; WOW64) AppleWebKit/537.36 (KHTML, like Gecko) Chrome/63.0.3239.132 Safari/537.36',
  'connection' => 'close',
  'host' => 'tp5.me',
)
[ info ] [ PARAM ] array (
)
[ info ] [ RUN ] app\tph2\Controller\ViewCode->index[ D:\WWW\tp5\public\tph2\application\tph2\controller\ViewCode.php ]
[ info ] [ DB ] INIT mysql
[ info ] [ VIEW ] template/ViewCode\index.html [ array (
  0 => 'pk',
  1 => 'trueTable',
  2 => 'db_prefix',
  3 => 'tableNameList',
  4 => 'moduleNameList',
  5 => 'themeList',
) ]
[ info ] [ LOG ] INIT File
[ sql ] [ DB ] CONNECT:[ UseTime:0.010439s ] mysql:host=127.0.0.1;port=3306;dbname=faithjob;charset=utf8
[ sql ] [ SQL ] select table_name from information_schema.tables where table_schema='faithjob' and table_type='base table' [ RunTime:0.001638s ]
---------------------------------------------------------------
[ 2018-02-01T11:12:19+08:00 ] 127.0.0.1 127.0.0.1 POST /tph2/Index/checkVersion.html
[ info ] tp5.me/tph2/Index/checkVersion.html [运行时间：7.527733s][吞吐率：0.13req/s] [内存消耗：1,095.15kb] [文件加载：38]
[ info ] [ LANG ] D:\WWW\tp5\thinkphp\lang\zh-cn.php
[ info ] [ BIND ] 'tph2'
[ info ] [ ROUTE ] array (
  'type' => 'module',
  'module' => 
  array (
    0 => 'tph2',
    1 => 'Index',
    2 => 'checkVersion',
  ),
)
[ info ] [ HEADER ] array (
  'cookie' => 'thinkphp_show_page_trace=0|0; pgv_pvi=361521152',
  'accept-language' => 'zh-CN,zh;q=0.9,en;q=0.8',
  'accept-encoding' => 'gzip, deflate',
  'referer' => 'http://tp5.me/tph2/ViewCode',
  'user-agent' => 'Mozilla/5.0 (Windows NT 10.0; WOW64) AppleWebKit/537.36 (KHTML, like Gecko) Chrome/63.0.3239.132 Safari/537.36',
  'x-requested-with' => 'XMLHttpRequest',
  'origin' => 'http://tp5.me',
  'accept' => '*/*',
  'content-length' => '0',
  'connection' => 'close',
  'host' => 'tp5.me',
)
[ info ] [ PARAM ] array (
)
[ info ] [ RUN ] app\tph2\Controller\Index->checkVersion[ D:\WWW\tp5\public\tph2\application\tph2\controller\Index.php ]
[ info ] [ LOG ] INIT File
