---------------------------------------------------------------
[ 2018-01-02T15:33:44+08:00 ] 127.0.0.1 127.0.0.1 GET /tph/
[ info ] tp5.me/tph/ [运行时间：0.071458s][吞吐率：13.99req/s] [内存消耗：1,315.35kb] [文件加载：31]
[ info ] [ LANG ] D:\WWW\tp5\thinkphp\lang\zh-cn.php
[ info ] [ BIND ] 'tph'
[ info ] [ ROUTE ] array (
  'type' => 'module',
  'module' => 
  array (
    0 => 'tph',
    1 => NULL,
    2 => NULL,
  ),
)
[ info ] [ HEADER ] array (
  'host' => 'tp5.me',
  'connection' => 'keep-alive',
  'user-agent' => 'Mozilla/5.0 (Windows NT 10.0; WOW64) AppleWebKit/537.36 (KHTML, like Gecko) Chrome/63.0.3239.84 Safari/537.36',
  'upgrade-insecure-requests' => '1',
  'accept' => 'text/html,application/xhtml+xml,application/xml;q=0.9,image/webp,image/apng,*/*;q=0.8',
  'accept-encoding' => 'gzip, deflate',
  'accept-language' => 'zh-CN,zh;q=0.9,en;q=0.8',
  'cookie' => 'pgv_pvi=361521152; pgv_si=s7838365696; thinkphp_show_page_trace=0|0',
)
[ info ] [ PARAM ] array (
)
[ info ] [ LOG ] INIT File
---------------------------------------------------------------
[ 2018-01-02T15:34:59+08:00 ] 127.0.0.1 127.0.0.1 GET /tph/index
[ info ] tp5.me/tph/index [运行时间：0.063819s][吞吐率：15.67req/s] [内存消耗：1,315.59kb] [文件加载：31]
[ info ] [ LANG ] D:\WWW\tp5\thinkphp\lang\zh-cn.php
[ info ] [ BIND ] 'tph'
[ info ] [ ROUTE ] array (
  'type' => 'module',
  'module' => 
  array (
    0 => 'tph',
    1 => 'index',
    2 => NULL,
  ),
)
[ info ] [ HEADER ] array (
  'host' => 'tp5.me',
  'connection' => 'keep-alive',
  'user-agent' => 'Mozilla/5.0 (Windows NT 10.0; WOW64) AppleWebKit/537.36 (KHTML, like Gecko) Chrome/63.0.3239.84 Safari/537.36',
  'upgrade-insecure-requests' => '1',
  'accept' => 'text/html,application/xhtml+xml,application/xml;q=0.9,image/webp,image/apng,*/*;q=0.8',
  'accept-encoding' => 'gzip, deflate',
  'accept-language' => 'zh-CN,zh;q=0.9,en;q=0.8',
  'cookie' => 'thinkphp_show_page_trace=0|0; pgv_pvi=361521152; pgv_si=s7838365696; thinkphp_show_page_trace=0|0',
)
[ info ] [ PARAM ] array (
)
[ info ] [ LOG ] INIT File
---------------------------------------------------------------
[ 2018-01-02T17:22:02+08:00 ] 127.0.0.1 127.0.0.1 GET /tph/
[ info ] tp5.me/tph/ [运行时间：0.070328s][吞吐率：14.22req/s] [内存消耗：1,315.47kb] [文件加载：31]
[ info ] [ LANG ] D:\WWW\tp5\thinkphp\lang\zh-cn.php
[ info ] [ BIND ] 'tph'
[ info ] [ ROUTE ] array (
  'type' => 'module',
  'module' => 
  array (
    0 => 'tph',
    1 => NULL,
    2 => NULL,
  ),
)
[ info ] [ HEADER ] array (
  'host' => 'tp5.me',
  'connection' => 'keep-alive',
  'upgrade-insecure-requests' => '1',
  'user-agent' => 'Mozilla/5.0 (Windows NT 10.0; WOW64) AppleWebKit/537.36 (KHTML, like Gecko) Chrome/53.0.2785.104 Safari/537.36 Core/1.53.2372.400 QQBrowser/9.5.11096.400',
  'accept' => 'text/html,application/xhtml+xml,application/xml;q=0.9,image/webp,*/*;q=0.8',
  'accept-encoding' => 'gzip, deflate, sdch',
  'accept-language' => 'zh-CN,zh;q=0.8',
  'cookie' => 'pgv_pvi=219482112; pgv_si=s1676782592; thinkphp_show_page_trace=0|0',
)
[ info ] [ PARAM ] array (
)
[ info ] [ LOG ] INIT File
---------------------------------------------------------------
[ 2018-01-02T17:27:25+08:00 ] 127.0.0.1 127.0.0.1 GET /tph/
[ info ] tp5.me/tph/ [运行时间：0.089564s][吞吐率：11.17req/s] [内存消耗：1,382.30kb] [文件加载：34]
[ info ] [ LANG ] D:\WWW\tp5\thinkphp\lang\zh-cn.php
[ info ] [ BIND ] 'tph'
[ info ] [ ROUTE ] array (
  'type' => 'module',
  'module' => 
  array (
    0 => 'tph',
    1 => NULL,
    2 => NULL,
  ),
)
[ info ] [ HEADER ] array (
  'host' => 'tp5.me',
  'connection' => 'keep-alive',
  'cache-control' => 'max-age=0',
  'user-agent' => 'Mozilla/5.0 (Windows NT 10.0; WOW64) AppleWebKit/537.36 (KHTML, like Gecko) Chrome/63.0.3239.84 Safari/537.36',
  'upgrade-insecure-requests' => '1',
  'accept' => 'text/html,application/xhtml+xml,application/xml;q=0.9,image/webp,image/apng,*/*;q=0.8',
  'accept-encoding' => 'gzip, deflate',
  'accept-language' => 'zh-CN,zh;q=0.9,en;q=0.8',
  'cookie' => 'thinkphp_show_page_trace=0|0; pgv_pvi=361521152; pgv_si=s7838365696; thinkphp_show_page_trace=0|0',
)
[ info ] [ PARAM ] array (
)
[ info ] [ LOG ] INIT File
---------------------------------------------------------------
[ 2018-01-02T17:28:36+08:00 ] 127.0.0.1 127.0.0.1 GET /tph/
[ info ] tp5.me/tph/ [运行时间：0.070757s][吞吐率：14.13req/s] [内存消耗：1,608.27kb] [文件加载：34]
[ info ] [ LANG ] D:\WWW\tp5\thinkphp\lang\zh-cn.php
[ info ] [ BIND ] 'tph'
[ info ] [ ROUTE ] array (
  'type' => 'module',
  'module' => 
  array (
    0 => 'tph',
    1 => NULL,
    2 => NULL,
  ),
)
[ info ] [ HEADER ] array (
  'host' => 'tp5.me',
  'connection' => 'keep-alive',
  'cache-control' => 'max-age=0',
  'user-agent' => 'Mozilla/5.0 (Windows NT 10.0; WOW64) AppleWebKit/537.36 (KHTML, like Gecko) Chrome/63.0.3239.84 Safari/537.36',
  'upgrade-insecure-requests' => '1',
  'accept' => 'text/html,application/xhtml+xml,application/xml;q=0.9,image/webp,image/apng,*/*;q=0.8',
  'accept-encoding' => 'gzip, deflate',
  'accept-language' => 'zh-CN,zh;q=0.9,en;q=0.8',
  'cookie' => 'thinkphp_show_page_trace=0|0; pgv_pvi=361521152; pgv_si=s7838365696; thinkphp_show_page_trace=0|0',
)
[ info ] [ PARAM ] array (
)
[ info ] [ RUN ] app\tph\Controller\Index->index[ D:\WWW\tp5\public\tph\application\tph\controller\Index.php ]
[ info ] [ LOG ] INIT File
---------------------------------------------------------------
[ 2018-01-02T17:28:42+08:00 ] 127.0.0.1 127.0.0.1 GET /tph/
[ info ] tp5.me/tph/ [运行时间：0.091682s][吞吐率：10.91req/s] [内存消耗：1,779.63kb] [文件加载：37]
[ info ] [ LANG ] D:\WWW\tp5\thinkphp\lang\zh-cn.php
[ info ] [ BIND ] 'tph'
[ info ] [ ROUTE ] array (
  'type' => 'module',
  'module' => 
  array (
    0 => 'tph',
    1 => NULL,
    2 => NULL,
  ),
)
[ info ] [ HEADER ] array (
  'host' => 'tp5.me',
  'connection' => 'keep-alive',
  'cache-control' => 'max-age=0',
  'user-agent' => 'Mozilla/5.0 (Windows NT 10.0; WOW64) AppleWebKit/537.36 (KHTML, like Gecko) Chrome/63.0.3239.84 Safari/537.36',
  'upgrade-insecure-requests' => '1',
  'accept' => 'text/html,application/xhtml+xml,application/xml;q=0.9,image/webp,image/apng,*/*;q=0.8',
  'accept-encoding' => 'gzip, deflate',
  'accept-language' => 'zh-CN,zh;q=0.9,en;q=0.8',
  'cookie' => 'thinkphp_show_page_trace=0|0; pgv_pvi=361521152; pgv_si=s7838365696; thinkphp_show_page_trace=0|0',
)
[ info ] [ PARAM ] array (
)
[ info ] [ RUN ] app\tph\Controller\Index->index[ D:\WWW\tp5\public\tph\application\tph\controller\Index.php ]
[ info ] [ VIEW ] D:\WWW\tp5\public\tph/application/tph\view\Public\help.html [ array (
) ]
[ info ] [ LOG ] INIT File
---------------------------------------------------------------
[ 2018-01-02T17:28:42+08:00 ] 127.0.0.1 127.0.0.1 GET /tph/href=
[ info ] tp5.me/tph/href= [运行时间：0.086698s][吞吐率：11.53req/s] [内存消耗：1,315.77kb] [文件加载：31]
[ info ] [ LANG ] D:\WWW\tp5\thinkphp\lang\zh-cn.php
[ info ] [ BIND ] 'tph'
[ info ] [ ROUTE ] array (
  'type' => 'module',
  'module' => 
  array (
    0 => 'tph',
    1 => 'href=',
    2 => NULL,
  ),
)
[ info ] [ HEADER ] array (
  'host' => 'tp5.me',
  'connection' => 'keep-alive',
  'pragma' => 'no-cache',
  'cache-control' => 'no-cache',
  'user-agent' => 'Mozilla/5.0 (Windows NT 10.0; WOW64) AppleWebKit/537.36 (KHTML, like Gecko) Chrome/63.0.3239.84 Safari/537.36',
  'accept' => 'image/webp,image/apng,image/*,*/*;q=0.8',
  'referer' => 'http://tp5.me/tph/',
  'accept-encoding' => 'gzip, deflate',
  'accept-language' => 'zh-CN,zh;q=0.9,en;q=0.8',
  'cookie' => 'thinkphp_show_page_trace=0|0; pgv_pvi=361521152; pgv_si=s7838365696; thinkphp_show_page_trace=0|0',
)
[ info ] [ PARAM ] array (
)
[ info ] [ LOG ] INIT File
---------------------------------------------------------------
[ 2018-01-02T17:29:13+08:00 ] 127.0.0.1 127.0.0.1 GET /tph/
[ info ] tp5.me/tph/ [运行时间：0.057069s][吞吐率：17.52req/s] [内存消耗：1,609.48kb] [文件加载：35]
[ info ] [ LANG ] D:\WWW\tp5\thinkphp\lang\zh-cn.php
[ info ] [ BIND ] 'tph'
[ info ] [ ROUTE ] array (
  'type' => 'module',
  'module' => 
  array (
    0 => 'tph',
    1 => NULL,
    2 => NULL,
  ),
)
[ info ] [ HEADER ] array (
  'host' => 'tp5.me',
  'connection' => 'keep-alive',
  'cache-control' => 'max-age=0',
  'user-agent' => 'Mozilla/5.0 (Windows NT 10.0; WOW64) AppleWebKit/537.36 (KHTML, like Gecko) Chrome/63.0.3239.84 Safari/537.36',
  'upgrade-insecure-requests' => '1',
  'accept' => 'text/html,application/xhtml+xml,application/xml;q=0.9,image/webp,image/apng,*/*;q=0.8',
  'accept-encoding' => 'gzip, deflate',
  'accept-language' => 'zh-CN,zh;q=0.9,en;q=0.8',
  'cookie' => 'thinkphp_show_page_trace=0|0; pgv_pvi=361521152; pgv_si=s7838365696; thinkphp_show_page_trace=0|0',
)
[ info ] [ PARAM ] array (
)
[ info ] [ RUN ] app\tph\Controller\Index->index[ D:\WWW\tp5\public\tph\application\tph\controller\Index.php ]
[ info ] [ VIEW ] D:\WWW\tp5\public\tph/application/tph\view\Public\help.html [ array (
) ]
[ info ] [ LOG ] INIT File
---------------------------------------------------------------
[ 2018-01-02T17:35:25+08:00 ] 127.0.0.1 127.0.0.1 GET /tph/
[ info ] tp5.me/tph/ [运行时间：0.101880s][吞吐率：9.82req/s] [内存消耗：1,609.48kb] [文件加载：35]
[ info ] [ LANG ] D:\WWW\tp5\thinkphp\lang\zh-cn.php
[ info ] [ BIND ] 'tph'
[ info ] [ ROUTE ] array (
  'type' => 'module',
  'module' => 
  array (
    0 => 'tph',
    1 => NULL,
    2 => NULL,
  ),
)
[ info ] [ HEADER ] array (
  'host' => 'tp5.me',
  'connection' => 'keep-alive',
  'cache-control' => 'max-age=0',
  'user-agent' => 'Mozilla/5.0 (Windows NT 10.0; WOW64) AppleWebKit/537.36 (KHTML, like Gecko) Chrome/63.0.3239.84 Safari/537.36',
  'upgrade-insecure-requests' => '1',
  'accept' => 'text/html,application/xhtml+xml,application/xml;q=0.9,image/webp,image/apng,*/*;q=0.8',
  'accept-encoding' => 'gzip, deflate',
  'accept-language' => 'zh-CN,zh;q=0.9,en;q=0.8',
  'cookie' => 'thinkphp_show_page_trace=0|0; pgv_pvi=361521152; pgv_si=s7838365696; thinkphp_show_page_trace=0|0',
)
[ info ] [ PARAM ] array (
)
[ info ] [ RUN ] app\tph\Controller\Index->index[ D:\WWW\tp5\public\tph\application\tph\controller\Index.php ]
[ info ] [ VIEW ] D:\WWW\tp5\public\tph/application/tph\view\Public\help.html [ array (
) ]
[ info ] [ LOG ] INIT File
---------------------------------------------------------------
[ 2018-01-02T17:35:27+08:00 ] 127.0.0.1 127.0.0.1 GET /tph/
[ info ] tp5.me/tph/ [运行时间：0.081375s][吞吐率：12.29req/s] [内存消耗：1,609.48kb] [文件加载：35]
[ info ] [ LANG ] D:\WWW\tp5\thinkphp\lang\zh-cn.php
[ info ] [ BIND ] 'tph'
[ info ] [ ROUTE ] array (
  'type' => 'module',
  'module' => 
  array (
    0 => 'tph',
    1 => NULL,
    2 => NULL,
  ),
)
[ info ] [ HEADER ] array (
  'host' => 'tp5.me',
  'connection' => 'keep-alive',
  'cache-control' => 'max-age=0',
  'user-agent' => 'Mozilla/5.0 (Windows NT 10.0; WOW64) AppleWebKit/537.36 (KHTML, like Gecko) Chrome/63.0.3239.84 Safari/537.36',
  'upgrade-insecure-requests' => '1',
  'accept' => 'text/html,application/xhtml+xml,application/xml;q=0.9,image/webp,image/apng,*/*;q=0.8',
  'accept-encoding' => 'gzip, deflate',
  'accept-language' => 'zh-CN,zh;q=0.9,en;q=0.8',
  'cookie' => 'thinkphp_show_page_trace=0|0; pgv_pvi=361521152; pgv_si=s7838365696; thinkphp_show_page_trace=0|0',
)
[ info ] [ PARAM ] array (
)
[ info ] [ RUN ] app\tph\Controller\Index->index[ D:\WWW\tp5\public\tph\application\tph\controller\Index.php ]
[ info ] [ VIEW ] D:\WWW\tp5\public\tph/application/tph\view\Public\help.html [ array (
) ]
[ info ] [ LOG ] INIT File
---------------------------------------------------------------
[ 2018-01-02T17:35:33+08:00 ] 127.0.0.1 127.0.0.1 GET /tph/
[ info ] tp5.me/tph/ [运行时间：0.071575s][吞吐率：13.97req/s] [内存消耗：1,609.35kb] [文件加载：35]
[ info ] [ LANG ] D:\WWW\tp5\thinkphp\lang\zh-cn.php
[ info ] [ BIND ] 'tph'
[ info ] [ ROUTE ] array (
  'type' => 'module',
  'module' => 
  array (
    0 => 'tph',
    1 => NULL,
    2 => NULL,
  ),
)
[ info ] [ HEADER ] array (
  'host' => 'tp5.me',
  'connection' => 'keep-alive',
  'cache-control' => 'max-age=0',
  'user-agent' => 'Mozilla/5.0 (Windows NT 10.0; WOW64) AppleWebKit/537.36 (KHTML, like Gecko) Chrome/63.0.3239.84 Safari/537.36',
  'upgrade-insecure-requests' => '1',
  'accept' => 'text/html,application/xhtml+xml,application/xml;q=0.9,image/webp,image/apng,*/*;q=0.8',
  'accept-encoding' => 'gzip, deflate',
  'accept-language' => 'zh-CN,zh;q=0.9,en;q=0.8',
  'cookie' => 'thinkphp_show_page_trace=0|0; pgv_pvi=361521152; pgv_si=s7838365696; thinkphp_show_page_trace=0|0',
)
[ info ] [ PARAM ] array (
)
[ info ] [ RUN ] app\tph\Controller\Index->index[ D:\WWW\tp5\public\tph\application\tph\controller\Index.php ]
[ info ] [ VIEW ] D:\WWW\tp5\public\tph/application/tph\view\Public\help.html [ array (
) ]
[ info ] [ LOG ] INIT File
---------------------------------------------------------------
[ 2018-01-02T17:35:33+08:00 ] 127.0.0.1 127.0.0.1 GET /tph/
[ info ] tp5.me/tph/ [运行时间：0.077647s][吞吐率：12.88req/s] [内存消耗：1,609.35kb] [文件加载：35]
[ info ] [ LANG ] D:\WWW\tp5\thinkphp\lang\zh-cn.php
[ info ] [ BIND ] 'tph'
[ info ] [ ROUTE ] array (
  'type' => 'module',
  'module' => 
  array (
    0 => 'tph',
    1 => NULL,
    2 => NULL,
  ),
)
[ info ] [ HEADER ] array (
  'host' => 'tp5.me',
  'connection' => 'keep-alive',
  'cache-control' => 'max-age=0',
  'user-agent' => 'Mozilla/5.0 (Windows NT 10.0; WOW64) AppleWebKit/537.36 (KHTML, like Gecko) Chrome/63.0.3239.84 Safari/537.36',
  'upgrade-insecure-requests' => '1',
  'accept' => 'text/html,application/xhtml+xml,application/xml;q=0.9,image/webp,image/apng,*/*;q=0.8',
  'accept-encoding' => 'gzip, deflate',
  'accept-language' => 'zh-CN,zh;q=0.9,en;q=0.8',
  'cookie' => 'thinkphp_show_page_trace=0|0; pgv_pvi=361521152; pgv_si=s7838365696; thinkphp_show_page_trace=0|0',
)
[ info ] [ PARAM ] array (
)
[ info ] [ RUN ] app\tph\Controller\Index->index[ D:\WWW\tp5\public\tph\application\tph\controller\Index.php ]
[ info ] [ VIEW ] D:\WWW\tp5\public\tph/application/tph\view\Public\help.html [ array (
) ]
[ info ] [ LOG ] INIT File
---------------------------------------------------------------
[ 2018-01-02T17:35:34+08:00 ] 127.0.0.1 127.0.0.1 GET /tph/
[ info ] tp5.me/tph/ [运行时间：0.083919s][吞吐率：11.92req/s] [内存消耗：1,609.35kb] [文件加载：35]
[ info ] [ LANG ] D:\WWW\tp5\thinkphp\lang\zh-cn.php
[ info ] [ BIND ] 'tph'
[ info ] [ ROUTE ] array (
  'type' => 'module',
  'module' => 
  array (
    0 => 'tph',
    1 => NULL,
    2 => NULL,
  ),
)
[ info ] [ HEADER ] array (
  'host' => 'tp5.me',
  'connection' => 'keep-alive',
  'cache-control' => 'max-age=0',
  'user-agent' => 'Mozilla/5.0 (Windows NT 10.0; WOW64) AppleWebKit/537.36 (KHTML, like Gecko) Chrome/63.0.3239.84 Safari/537.36',
  'upgrade-insecure-requests' => '1',
  'accept' => 'text/html,application/xhtml+xml,application/xml;q=0.9,image/webp,image/apng,*/*;q=0.8',
  'accept-encoding' => 'gzip, deflate',
  'accept-language' => 'zh-CN,zh;q=0.9,en;q=0.8',
  'cookie' => 'thinkphp_show_page_trace=0|0; pgv_pvi=361521152; pgv_si=s7838365696; thinkphp_show_page_trace=0|0',
)
[ info ] [ PARAM ] array (
)
[ info ] [ RUN ] app\tph\Controller\Index->index[ D:\WWW\tp5\public\tph\application\tph\controller\Index.php ]
[ info ] [ VIEW ] D:\WWW\tp5\public\tph/application/tph\view\Public\help.html [ array (
) ]
[ info ] [ LOG ] INIT File
---------------------------------------------------------------
[ 2018-01-02T17:35:51+08:00 ] 127.0.0.1 127.0.0.1 GET /tph/
[ info ] tp5.me/tph/ [运行时间：0.076048s][吞吐率：13.15req/s] [内存消耗：1,764.41kb] [文件加载：37]
[ info ] [ LANG ] D:\WWW\tp5\thinkphp\lang\zh-cn.php
[ info ] [ BIND ] 'tph'
[ info ] [ ROUTE ] array (
  'type' => 'module',
  'module' => 
  array (
    0 => 'tph',
    1 => NULL,
    2 => NULL,
  ),
)
[ info ] [ HEADER ] array (
  'host' => 'tp5.me',
  'connection' => 'keep-alive',
  'cache-control' => 'max-age=0',
  'user-agent' => 'Mozilla/5.0 (Windows NT 10.0; WOW64) AppleWebKit/537.36 (KHTML, like Gecko) Chrome/63.0.3239.84 Safari/537.36',
  'upgrade-insecure-requests' => '1',
  'accept' => 'text/html,application/xhtml+xml,application/xml;q=0.9,image/webp,image/apng,*/*;q=0.8',
  'accept-encoding' => 'gzip, deflate',
  'accept-language' => 'zh-CN,zh;q=0.9,en;q=0.8',
  'cookie' => 'thinkphp_show_page_trace=0|0; pgv_pvi=361521152; pgv_si=s7838365696; thinkphp_show_page_trace=0|0',
)
[ info ] [ PARAM ] array (
)
[ info ] [ RUN ] app\tph\Controller\Index->index[ D:\WWW\tp5\public\tph\application\tph\controller\Index.php ]
[ info ] [ LOG ] INIT File
---------------------------------------------------------------
[ 2018-01-02T17:35:52+08:00 ] 127.0.0.1 127.0.0.1 GET /tph/
[ info ] tp5.me/tph/ [运行时间：0.061022s][吞吐率：16.39req/s] [内存消耗：1,608.44kb] [文件加载：35]
[ info ] [ LANG ] D:\WWW\tp5\thinkphp\lang\zh-cn.php
[ info ] [ BIND ] 'tph'
[ info ] [ ROUTE ] array (
  'type' => 'module',
  'module' => 
  array (
    0 => 'tph',
    1 => NULL,
    2 => NULL,
  ),
)
[ info ] [ HEADER ] array (
  'host' => 'tp5.me',
  'connection' => 'keep-alive',
  'cache-control' => 'max-age=0',
  'user-agent' => 'Mozilla/5.0 (Windows NT 10.0; WOW64) AppleWebKit/537.36 (KHTML, like Gecko) Chrome/63.0.3239.84 Safari/537.36',
  'upgrade-insecure-requests' => '1',
  'accept' => 'text/html,application/xhtml+xml,application/xml;q=0.9,image/webp,image/apng,*/*;q=0.8',
  'accept-encoding' => 'gzip, deflate',
  'accept-language' => 'zh-CN,zh;q=0.9,en;q=0.8',
  'cookie' => 'thinkphp_show_page_trace=0|0; pgv_pvi=361521152; pgv_si=s7838365696; thinkphp_show_page_trace=0|0',
)
[ info ] [ PARAM ] array (
)
[ info ] [ RUN ] app\tph\Controller\Index->index[ D:\WWW\tp5\public\tph\application\tph\controller\Index.php ]
[ info ] [ LOG ] INIT File
---------------------------------------------------------------
[ 2018-01-02T17:35:52+08:00 ] 127.0.0.1 127.0.0.1 GET /tph/
[ info ] tp5.me/tph/ [运行时间：0.056911s][吞吐率：17.57req/s] [内存消耗：1,608.44kb] [文件加载：35]
[ info ] [ LANG ] D:\WWW\tp5\thinkphp\lang\zh-cn.php
[ info ] [ BIND ] 'tph'
[ info ] [ ROUTE ] array (
  'type' => 'module',
  'module' => 
  array (
    0 => 'tph',
    1 => NULL,
    2 => NULL,
  ),
)
[ info ] [ HEADER ] array (
  'host' => 'tp5.me',
  'connection' => 'keep-alive',
  'cache-control' => 'max-age=0',
  'user-agent' => 'Mozilla/5.0 (Windows NT 10.0; WOW64) AppleWebKit/537.36 (KHTML, like Gecko) Chrome/63.0.3239.84 Safari/537.36',
  'upgrade-insecure-requests' => '1',
  'accept' => 'text/html,application/xhtml+xml,application/xml;q=0.9,image/webp,image/apng,*/*;q=0.8',
  'accept-encoding' => 'gzip, deflate',
  'accept-language' => 'zh-CN,zh;q=0.9,en;q=0.8',
  'cookie' => 'thinkphp_show_page_trace=0|0; pgv_pvi=361521152; pgv_si=s7838365696; thinkphp_show_page_trace=0|0',
)
[ info ] [ PARAM ] array (
)
[ info ] [ RUN ] app\tph\Controller\Index->index[ D:\WWW\tp5\public\tph\application\tph\controller\Index.php ]
[ info ] [ LOG ] INIT File
---------------------------------------------------------------
[ 2018-01-02T17:35:52+08:00 ] 127.0.0.1 127.0.0.1 GET /tph/
[ info ] tp5.me/tph/ [运行时间：0.077550s][吞吐率：12.89req/s] [内存消耗：1,608.44kb] [文件加载：35]
[ info ] [ LANG ] D:\WWW\tp5\thinkphp\lang\zh-cn.php
[ info ] [ BIND ] 'tph'
[ info ] [ ROUTE ] array (
  'type' => 'module',
  'module' => 
  array (
    0 => 'tph',
    1 => NULL,
    2 => NULL,
  ),
)
[ info ] [ HEADER ] array (
  'host' => 'tp5.me',
  'connection' => 'keep-alive',
  'cache-control' => 'max-age=0',
  'user-agent' => 'Mozilla/5.0 (Windows NT 10.0; WOW64) AppleWebKit/537.36 (KHTML, like Gecko) Chrome/63.0.3239.84 Safari/537.36',
  'upgrade-insecure-requests' => '1',
  'accept' => 'text/html,application/xhtml+xml,application/xml;q=0.9,image/webp,image/apng,*/*;q=0.8',
  'accept-encoding' => 'gzip, deflate',
  'accept-language' => 'zh-CN,zh;q=0.9,en;q=0.8',
  'cookie' => 'thinkphp_show_page_trace=0|0; pgv_pvi=361521152; pgv_si=s7838365696; thinkphp_show_page_trace=0|0',
)
[ info ] [ PARAM ] array (
)
[ info ] [ RUN ] app\tph\Controller\Index->index[ D:\WWW\tp5\public\tph\application\tph\controller\Index.php ]
[ info ] [ LOG ] INIT File
---------------------------------------------------------------
[ 2018-01-02T17:35:52+08:00 ] 127.0.0.1 127.0.0.1 GET /tph/
[ info ] tp5.me/tph/ [运行时间：0.114634s][吞吐率：8.72req/s] [内存消耗：1,608.44kb] [文件加载：35]
[ info ] [ LANG ] D:\WWW\tp5\thinkphp\lang\zh-cn.php
[ info ] [ BIND ] 'tph'
[ info ] [ ROUTE ] array (
  'type' => 'module',
  'module' => 
  array (
    0 => 'tph',
    1 => NULL,
    2 => NULL,
  ),
)
[ info ] [ HEADER ] array (
  'host' => 'tp5.me',
  'connection' => 'keep-alive',
  'cache-control' => 'max-age=0',
  'user-agent' => 'Mozilla/5.0 (Windows NT 10.0; WOW64) AppleWebKit/537.36 (KHTML, like Gecko) Chrome/63.0.3239.84 Safari/537.36',
  'upgrade-insecure-requests' => '1',
  'accept' => 'text/html,application/xhtml+xml,application/xml;q=0.9,image/webp,image/apng,*/*;q=0.8',
  'accept-encoding' => 'gzip, deflate',
  'accept-language' => 'zh-CN,zh;q=0.9,en;q=0.8',
  'cookie' => 'thinkphp_show_page_trace=0|0; pgv_pvi=361521152; pgv_si=s7838365696; thinkphp_show_page_trace=0|0',
)
[ info ] [ PARAM ] array (
)
[ info ] [ RUN ] app\tph\Controller\Index->index[ D:\WWW\tp5\public\tph\application\tph\controller\Index.php ]
[ info ] [ LOG ] INIT File
---------------------------------------------------------------
[ 2018-01-02T17:35:53+08:00 ] 127.0.0.1 127.0.0.1 GET /tph/
[ info ] tp5.me/tph/ [运行时间：0.079629s][吞吐率：12.56req/s] [内存消耗：1,608.44kb] [文件加载：35]
[ info ] [ LANG ] D:\WWW\tp5\thinkphp\lang\zh-cn.php
[ info ] [ BIND ] 'tph'
[ info ] [ ROUTE ] array (
  'type' => 'module',
  'module' => 
  array (
    0 => 'tph',
    1 => NULL,
    2 => NULL,
  ),
)
[ info ] [ HEADER ] array (
  'host' => 'tp5.me',
  'connection' => 'keep-alive',
  'cache-control' => 'max-age=0',
  'user-agent' => 'Mozilla/5.0 (Windows NT 10.0; WOW64) AppleWebKit/537.36 (KHTML, like Gecko) Chrome/63.0.3239.84 Safari/537.36',
  'upgrade-insecure-requests' => '1',
  'accept' => 'text/html,application/xhtml+xml,application/xml;q=0.9,image/webp,image/apng,*/*;q=0.8',
  'accept-encoding' => 'gzip, deflate',
  'accept-language' => 'zh-CN,zh;q=0.9,en;q=0.8',
  'cookie' => 'thinkphp_show_page_trace=0|0; pgv_pvi=361521152; pgv_si=s7838365696; thinkphp_show_page_trace=0|0',
)
[ info ] [ PARAM ] array (
)
[ info ] [ RUN ] app\tph\Controller\Index->index[ D:\WWW\tp5\public\tph\application\tph\controller\Index.php ]
[ info ] [ LOG ] INIT File
---------------------------------------------------------------
[ 2018-01-02T17:35:53+08:00 ] 127.0.0.1 127.0.0.1 GET /tph/
[ info ] tp5.me/tph/ [运行时间：0.078393s][吞吐率：12.76req/s] [内存消耗：1,608.44kb] [文件加载：35]
[ info ] [ LANG ] D:\WWW\tp5\thinkphp\lang\zh-cn.php
[ info ] [ BIND ] 'tph'
[ info ] [ ROUTE ] array (
  'type' => 'module',
  'module' => 
  array (
    0 => 'tph',
    1 => NULL,
    2 => NULL,
  ),
)
[ info ] [ HEADER ] array (
  'host' => 'tp5.me',
  'connection' => 'keep-alive',
  'cache-control' => 'max-age=0',
  'user-agent' => 'Mozilla/5.0 (Windows NT 10.0; WOW64) AppleWebKit/537.36 (KHTML, like Gecko) Chrome/63.0.3239.84 Safari/537.36',
  'upgrade-insecure-requests' => '1',
  'accept' => 'text/html,application/xhtml+xml,application/xml;q=0.9,image/webp,image/apng,*/*;q=0.8',
  'accept-encoding' => 'gzip, deflate',
  'accept-language' => 'zh-CN,zh;q=0.9,en;q=0.8',
  'cookie' => 'thinkphp_show_page_trace=0|0; pgv_pvi=361521152; pgv_si=s7838365696; thinkphp_show_page_trace=0|0',
)
[ info ] [ PARAM ] array (
)
[ info ] [ RUN ] app\tph\Controller\Index->index[ D:\WWW\tp5\public\tph\application\tph\controller\Index.php ]
[ info ] [ LOG ] INIT File
---------------------------------------------------------------
[ 2018-01-02T17:35:56+08:00 ] 127.0.0.1 127.0.0.1 GET /tph/
[ info ] tp5.me/tph/ [运行时间：0.063829s][吞吐率：15.67req/s] [内存消耗：1,608.56kb] [文件加载：35]
[ info ] [ LANG ] D:\WWW\tp5\thinkphp\lang\zh-cn.php
[ info ] [ BIND ] 'tph'
[ info ] [ ROUTE ] array (
  'type' => 'module',
  'module' => 
  array (
    0 => 'tph',
    1 => NULL,
    2 => NULL,
  ),
)
[ info ] [ HEADER ] array (
  'host' => 'tp5.me',
  'connection' => 'keep-alive',
  'cache-control' => 'max-age=0',
  'user-agent' => 'Mozilla/5.0 (Windows NT 10.0; WOW64) AppleWebKit/537.36 (KHTML, like Gecko) Chrome/63.0.3239.84 Safari/537.36',
  'upgrade-insecure-requests' => '1',
  'accept' => 'text/html,application/xhtml+xml,application/xml;q=0.9,image/webp,image/apng,*/*;q=0.8',
  'accept-encoding' => 'gzip, deflate',
  'accept-language' => 'zh-CN,zh;q=0.9,en;q=0.8',
  'cookie' => 'thinkphp_show_page_trace=0|0; pgv_pvi=361521152; pgv_si=s7838365696; thinkphp_show_page_trace=0|0',
)
[ info ] [ PARAM ] array (
)
[ info ] [ RUN ] app\tph\Controller\Index->index[ D:\WWW\tp5\public\tph\application\tph\controller\Index.php ]
[ info ] [ LOG ] INIT File
---------------------------------------------------------------
[ 2018-01-02T17:36:28+08:00 ] 127.0.0.1 127.0.0.1 GET /tph/
[ info ] tp5.me/tph/ [运行时间：0.073715s][吞吐率：13.57req/s] [内存消耗：1,623.33kb] [文件加载：36]
[ info ] [ LANG ] D:\WWW\tp5\thinkphp\lang\zh-cn.php
[ info ] [ BIND ] 'tph'
[ info ] [ ROUTE ] array (
  'type' => 'module',
  'module' => 
  array (
    0 => 'tph',
    1 => NULL,
    2 => NULL,
  ),
)
[ info ] [ HEADER ] array (
  'host' => 'tp5.me',
  'connection' => 'keep-alive',
  'cache-control' => 'max-age=0',
  'user-agent' => 'Mozilla/5.0 (Windows NT 10.0; WOW64) AppleWebKit/537.36 (KHTML, like Gecko) Chrome/63.0.3239.84 Safari/537.36',
  'upgrade-insecure-requests' => '1',
  'accept' => 'text/html,application/xhtml+xml,application/xml;q=0.9,image/webp,image/apng,*/*;q=0.8',
  'accept-encoding' => 'gzip, deflate',
  'accept-language' => 'zh-CN,zh;q=0.9,en;q=0.8',
  'cookie' => 'thinkphp_show_page_trace=0|0; pgv_pvi=361521152; pgv_si=s7838365696; thinkphp_show_page_trace=0|0',
)
[ info ] [ PARAM ] array (
)
[ info ] [ RUN ] app\tph\Controller\Index->index[ D:\WWW\tp5\public\tph\application\tph\controller\Index.php ]
[ info ] [ VIEW ] D:\WWW\tp5\public\tph/application/tph\view\Public\help.html [ array (
) ]
[ info ] [ LOG ] INIT File
---------------------------------------------------------------
[ 2018-01-02T17:36:33+08:00 ] 127.0.0.1 127.0.0.1 GET /tph/
[ info ] tp5.me/tph/ [运行时间：0.075257s][吞吐率：13.29req/s] [内存消耗：1,623.33kb] [文件加载：36]
[ info ] [ LANG ] D:\WWW\tp5\thinkphp\lang\zh-cn.php
[ info ] [ BIND ] 'tph'
[ info ] [ ROUTE ] array (
  'type' => 'module',
  'module' => 
  array (
    0 => 'tph',
    1 => NULL,
    2 => NULL,
  ),
)
[ info ] [ HEADER ] array (
  'host' => 'tp5.me',
  'connection' => 'keep-alive',
  'cache-control' => 'max-age=0',
  'user-agent' => 'Mozilla/5.0 (Windows NT 10.0; WOW64) AppleWebKit/537.36 (KHTML, like Gecko) Chrome/63.0.3239.84 Safari/537.36',
  'upgrade-insecure-requests' => '1',
  'accept' => 'text/html,application/xhtml+xml,application/xml;q=0.9,image/webp,image/apng,*/*;q=0.8',
  'accept-encoding' => 'gzip, deflate',
  'accept-language' => 'zh-CN,zh;q=0.9,en;q=0.8',
  'cookie' => 'thinkphp_show_page_trace=0|0; pgv_pvi=361521152; pgv_si=s7838365696; thinkphp_show_page_trace=0|0',
)
[ info ] [ PARAM ] array (
)
[ info ] [ RUN ] app\tph\Controller\Index->index[ D:\WWW\tp5\public\tph\application\tph\controller\Index.php ]
[ info ] [ VIEW ] D:\WWW\tp5\public\tph/application/tph\view\Public\help.html [ array (
) ]
[ info ] [ LOG ] INIT File
---------------------------------------------------------------
[ 2018-01-02T17:36:34+08:00 ] 127.0.0.1 127.0.0.1 GET /tph/
[ info ] tp5.me/tph/ [运行时间：0.065789s][吞吐率：15.20req/s] [内存消耗：1,623.33kb] [文件加载：36]
[ info ] [ LANG ] D:\WWW\tp5\thinkphp\lang\zh-cn.php
[ info ] [ BIND ] 'tph'
[ info ] [ ROUTE ] array (
  'type' => 'module',
  'module' => 
  array (
    0 => 'tph',
    1 => NULL,
    2 => NULL,
  ),
)
[ info ] [ HEADER ] array (
  'host' => 'tp5.me',
  'connection' => 'keep-alive',
  'cache-control' => 'max-age=0',
  'user-agent' => 'Mozilla/5.0 (Windows NT 10.0; WOW64) AppleWebKit/537.36 (KHTML, like Gecko) Chrome/63.0.3239.84 Safari/537.36',
  'upgrade-insecure-requests' => '1',
  'accept' => 'text/html,application/xhtml+xml,application/xml;q=0.9,image/webp,image/apng,*/*;q=0.8',
  'accept-encoding' => 'gzip, deflate',
  'accept-language' => 'zh-CN,zh;q=0.9,en;q=0.8',
  'cookie' => 'thinkphp_show_page_trace=0|0; pgv_pvi=361521152; pgv_si=s7838365696; thinkphp_show_page_trace=0|0',
)
[ info ] [ PARAM ] array (
)
[ info ] [ RUN ] app\tph\Controller\Index->index[ D:\WWW\tp5\public\tph\application\tph\controller\Index.php ]
[ info ] [ VIEW ] D:\WWW\tp5\public\tph/application/tph\view\Public\help.html [ array (
) ]
[ info ] [ LOG ] INIT File
---------------------------------------------------------------
[ 2018-01-02T17:36:34+08:00 ] 127.0.0.1 127.0.0.1 GET /tph/
[ info ] tp5.me/tph/ [运行时间：0.089548s][吞吐率：11.17req/s] [内存消耗：1,623.33kb] [文件加载：36]
[ info ] [ LANG ] D:\WWW\tp5\thinkphp\lang\zh-cn.php
[ info ] [ BIND ] 'tph'
[ info ] [ ROUTE ] array (
  'type' => 'module',
  'module' => 
  array (
    0 => 'tph',
    1 => NULL,
    2 => NULL,
  ),
)
[ info ] [ HEADER ] array (
  'host' => 'tp5.me',
  'connection' => 'keep-alive',
  'cache-control' => 'max-age=0',
  'user-agent' => 'Mozilla/5.0 (Windows NT 10.0; WOW64) AppleWebKit/537.36 (KHTML, like Gecko) Chrome/63.0.3239.84 Safari/537.36',
  'upgrade-insecure-requests' => '1',
  'accept' => 'text/html,application/xhtml+xml,application/xml;q=0.9,image/webp,image/apng,*/*;q=0.8',
  'accept-encoding' => 'gzip, deflate',
  'accept-language' => 'zh-CN,zh;q=0.9,en;q=0.8',
  'cookie' => 'thinkphp_show_page_trace=0|0; pgv_pvi=361521152; pgv_si=s7838365696; thinkphp_show_page_trace=0|0',
)
[ info ] [ PARAM ] array (
)
[ info ] [ RUN ] app\tph\Controller\Index->index[ D:\WWW\tp5\public\tph\application\tph\controller\Index.php ]
[ info ] [ VIEW ] D:\WWW\tp5\public\tph/application/tph\view\Public\help.html [ array (
) ]
[ info ] [ LOG ] INIT File
---------------------------------------------------------------
[ 2018-01-02T17:36:34+08:00 ] 127.0.0.1 127.0.0.1 GET /tph/
[ info ] tp5.me/tph/ [运行时间：0.074432s][吞吐率：13.44req/s] [内存消耗：1,623.33kb] [文件加载：36]
[ info ] [ LANG ] D:\WWW\tp5\thinkphp\lang\zh-cn.php
[ info ] [ BIND ] 'tph'
[ info ] [ ROUTE ] array (
  'type' => 'module',
  'module' => 
  array (
    0 => 'tph',
    1 => NULL,
    2 => NULL,
  ),
)
[ info ] [ HEADER ] array (
  'host' => 'tp5.me',
  'connection' => 'keep-alive',
  'cache-control' => 'max-age=0',
  'user-agent' => 'Mozilla/5.0 (Windows NT 10.0; WOW64) AppleWebKit/537.36 (KHTML, like Gecko) Chrome/63.0.3239.84 Safari/537.36',
  'upgrade-insecure-requests' => '1',
  'accept' => 'text/html,application/xhtml+xml,application/xml;q=0.9,image/webp,image/apng,*/*;q=0.8',
  'accept-encoding' => 'gzip, deflate',
  'accept-language' => 'zh-CN,zh;q=0.9,en;q=0.8',
  'cookie' => 'thinkphp_show_page_trace=0|0; pgv_pvi=361521152; pgv_si=s7838365696; thinkphp_show_page_trace=0|0',
)
[ info ] [ PARAM ] array (
)
[ info ] [ RUN ] app\tph\Controller\Index->index[ D:\WWW\tp5\public\tph\application\tph\controller\Index.php ]
[ info ] [ VIEW ] D:\WWW\tp5\public\tph/application/tph\view\Public\help.html [ array (
) ]
[ info ] [ LOG ] INIT File
---------------------------------------------------------------
[ 2018-01-02T17:37:49+08:00 ] 127.0.0.1 127.0.0.1 GET /tph/
[ info ] tp5.me/tph/ [运行时间：0.093466s][吞吐率：10.70req/s] [内存消耗：1,793.68kb] [文件加载：38]
[ info ] [ LANG ] D:\WWW\tp5\thinkphp\lang\zh-cn.php
[ info ] [ BIND ] 'tph'
[ info ] [ ROUTE ] array (
  'type' => 'module',
  'module' => 
  array (
    0 => 'tph',
    1 => NULL,
    2 => NULL,
  ),
)
[ info ] [ HEADER ] array (
  'host' => 'tp5.me',
  'connection' => 'keep-alive',
  'cache-control' => 'max-age=0',
  'upgrade-insecure-requests' => '1',
  'user-agent' => 'Mozilla/5.0 (Windows NT 10.0; WOW64) AppleWebKit/537.36 (KHTML, like Gecko) Chrome/53.0.2785.104 Safari/537.36 Core/1.53.2372.400 QQBrowser/9.5.11096.400',
  'accept' => 'text/html,application/xhtml+xml,application/xml;q=0.9,image/webp,*/*;q=0.8',
  'accept-encoding' => 'gzip, deflate, sdch',
  'accept-language' => 'zh-CN,zh;q=0.8',
  'cookie' => 'thinkphp_show_page_trace=0|0; pgv_pvi=219482112; pgv_si=s1676782592; thinkphp_show_page_trace=0|0',
)
[ info ] [ PARAM ] array (
)
[ info ] [ RUN ] app\tph\Controller\Index->index[ D:\WWW\tp5\public\tph\application\tph\controller\Index.php ]
[ info ] [ VIEW ] D:\WWW\tp5\public\tph/application/tph\view\Public\help.html [ array (
) ]
[ info ] [ LOG ] INIT File
---------------------------------------------------------------
[ 2018-01-02T17:37:50+08:00 ] 127.0.0.1 127.0.0.1 GET /tph/href=
[ info ] tp5.me/tph/href= [运行时间：0.065518s][吞吐率：15.26req/s] [内存消耗：1,315.75kb] [文件加载：31]
[ info ] [ LANG ] D:\WWW\tp5\thinkphp\lang\zh-cn.php
[ info ] [ BIND ] 'tph'
[ info ] [ ROUTE ] array (
  'type' => 'module',
  'module' => 
  array (
    0 => 'tph',
    1 => 'href=',
    2 => NULL,
  ),
)
[ info ] [ HEADER ] array (
  'host' => 'tp5.me',
  'connection' => 'keep-alive',
  'pragma' => 'no-cache',
  'cache-control' => 'no-cache',
  'user-agent' => 'Mozilla/5.0 (Windows NT 10.0; WOW64) AppleWebKit/537.36 (KHTML, like Gecko) Chrome/53.0.2785.104 Safari/537.36 Core/1.53.2372.400 QQBrowser/9.5.11096.400',
  'accept' => '*/*',
  'referer' => 'http://tp5.me/tph/',
  'accept-encoding' => 'gzip, deflate, sdch',
  'accept-language' => 'zh-CN,zh;q=0.8',
  'cookie' => 'thinkphp_show_page_trace=0|0; pgv_pvi=219482112; pgv_si=s1676782592; thinkphp_show_page_trace=0|0',
)
[ info ] [ PARAM ] array (
)
[ info ] [ LOG ] INIT File
